[
  {
    "projectId": "acd3f9c4-0691-4075-bc0d-c9f51cd86396",
    "testId": "92eecd90-8d8d-4c5d-87e7-6ceac0cb79b7",
    "userId": "c478e428-3051-70f4-f122-6f4e22b5117a",
    "title": "TC001-Submit Contact Form with Valid Data",
    "description": "Verify that the contact form is submitted successfully when all fields have valid data and the server returns HTTP 201.",
    "code": "import asyncio\nfrom playwright import async_api\nfrom playwright.async_api import expect\n\nasync def run_test():\n    pw = None\n    browser = None\n    context = None\n    \n    try:\n        # Start a Playwright session in asynchronous mode\n        pw = await async_api.async_playwright().start()\n        \n        # Launch a Chromium browser in headless mode with custom arguments\n        browser = await pw.chromium.launch(\n            headless=True,\n            args=[\n                \"--window-size=1280,720\",         # Set the browser window size\n                \"--disable-dev-shm-usage\",        # Avoid using /dev/shm which can cause issues in containers\n                \"--ipc=host\",                     # Use host-level IPC for better stability\n                \"--single-process\"                # Run the browser in a single process mode\n            ],\n        )\n        \n        # Create a new browser context (like an incognito window)\n        context = await browser.new_context()\n        context.set_default_timeout(5000)\n        \n        # Open a new page in the browser context\n        page = await context.new_page()\n        \n        # Navigate to your target URL and wait until the network request is committed\n        await page.goto(\"http://localhost:3000\", wait_until=\"commit\", timeout=10000)\n        \n        # Wait for the main page to reach DOMContentLoaded state (optional for stability)\n        try:\n            await page.wait_for_load_state(\"domcontentloaded\", timeout=3000)\n        except async_api.Error:\n            pass\n        \n        # Iterate through all iframes and wait for them to load as well\n        for frame in page.frames:\n            try:\n                await frame.wait_for_load_state(\"domcontentloaded\", timeout=3000)\n            except async_api.Error:\n                pass\n        \n        # Interact with the page elements to simulate user flow\n        # -> Click on the Contact page link to navigate to the Contact form.\n        frame = context.pages[-1]\n        # Click on the 'Contact' link in the navigation to go to the Contact page.\n        elem = frame.locator('xpath=html/body/main/nav/div/div/a[5]').nth(0)\n        await page.wait_for_timeout(3000); await elem.click(timeout=5000)\n        \n\n        # --> Assertions to verify final state\n        frame = context.pages[-1]\n        try:\n            await expect(frame.locator('text=Form submission successful!')).to_be_visible(timeout=1000)\n        except AssertionError:\n            raise AssertionError(\"Test case failed: The contact form submission did not return HTTP 201 status or display a success toast notification as expected.\")\n        await asyncio.sleep(5)\n    \n    finally:\n        if context:\n            await context.close()\n        if browser:\n            await browser.close()\n        if pw:\n            await pw.stop()\n            \nasyncio.run(run_test())\n    ",
    "testStatus": "FAILED",
    "testError": "The Contact page navigation leads to a browser error page, preventing access to the contact form. Testing cannot proceed further. Please fix the navigation issue to continue testing.\nBrowser Console Logs:\n[WARNING] [GroupMarkerNotSet(crbug.com/242999)!:A06C4000442B0000]Automatic fallback to software WebGL has been deprecated. Please use the --enable-unsafe-swiftshader flag to opt in to lower security guarantees for trusted content. (at http://localhost:3000/:0:0)\n[WARNING] [.WebGL-0x2b440221a900]GL Driver Message (OpenGL, Performance, GL_CLOSE_PATH_NV, High): GPU stall due to ReadPixels (at http://localhost:3000/:0:0)\n[WARNING] [.WebGL-0x2b440221a900]GL Driver Message (OpenGL, Performance, GL_CLOSE_PATH_NV, High): GPU stall due to ReadPixels (at http://localhost:3000/:0:0)\n[WARNING] [.WebGL-0x2b440221a900]GL Driver Message (OpenGL, Performance, GL_CLOSE_PATH_NV, High): GPU stall due to ReadPixels (at http://localhost:3000/:0:0)\n[WARNING] [.WebGL-0x2b440221a900]GL Driver Message (OpenGL, Performance, GL_CLOSE_PATH_NV, High): GPU stall due to ReadPixels (this message will no longer repeat) (at http://localhost:3000/:0:0)\n[ERROR] Failed to load resource: net::ERR_EMPTY_RESPONSE (at http://localhost:3000/contact?_rsc=vusbg:0:0)\n[ERROR] Failed to fetch RSC payload for http://localhost:3000/contact. Falling back to browser navigation. TypeError: Failed to fetch\n    at createFetch (http://localhost:3000/_next/static/chunks/node_modules_next_dist_client_aaee43fe._.js:2552:24)\n    at fetchServerResponse (http://localhost:3000/_next/static/chunks/node_modules_next_dist_client_aaee43fe._.js:2456:27)\n    at navigateDynamicallyWithNoPrefetch (http://localhost:3000/_next/static/chunks/node_modules_next_dist_client_aaee43fe._.js:7605:90)\n    at navigate (http://localhost:3000/_next/static/chunks/node_modules_next_dist_client_aaee43fe._.js:7424:15)\n    at navigateReducer (http://localhost:3000/_next/static/chunks/node_modules_next_dist_client_aaee43fe._.js:7900:45)\n    at clientReducer (http://localhost:3000/_next/static/chunks/node_modules_next_dist_client_aaee43fe._.js:12246:61)\n    at Object.action (http://localhost:3000/_next/static/chunks/node_modules_next_dist_client_aaee43fe._.js:12492:55)\n    at runAction (http://localhost:3000/_next/static/chunks/node_modules_next_dist_client_aaee43fe._.js:12397:38)\n    at dispatchAction (http://localhost:3000/_next/static/chunks/node_modules_next_dist_client_aaee43fe._.js:12460:9)\n    at Object.dispatch (http://localhost:3000/_next/static/chunks/node_modules_next_dist_client_aaee43fe._.js:12490:40)\n    at http://localhost:3000/_next/static/chunks/node_modules_next_dist_client_aaee43fe._.js:1442:29\n    at startTransition (http://localhost:3000/_next/static/chunks/node_modules_next_dist_compiled_react-dom_1e674e59._.js:5494:31)\n    at dispatch (http://localhost:3000/_next/static/chunks/node_modules_next_dist_client_aaee43fe._.js:1441:13)\n    at dispatchAppRouterAction (http://localhost:3000/_next/static/chunks/node_modules_next_dist_client_aaee43fe._.js:1423:5)\n    at dispatchNavigateAction (http://localhost:3000/_next/static/chunks/node_modules_next_dist_client_aaee43fe._.js:12544:49)\n    at http://localhost:3000/_next/static/chunks/node_modules_6272974d._.js:617:13\n    at Object.startTransition (http://localhost:3000/_next/static/chunks/node_modules_next_dist_compiled_a0e4c7b4._.js:1279:31)\n    at linkClicked (http://localhost:3000/_next/static/chunks/node_modules_6272974d._.js:616:24)\n    at onClick (http://localhost:3000/_next/static/chunks/node_modules_6272974d._.js:857:13)\n    at executeDispatch (http://localhost:3000/_next/static/chunks/node_modules_next_dist_compiled_react-dom_1e674e59._.js:10308:13)\n    at runWithFiberInDEV (http://localhost:3000/_next/static/chunks/node_modules_next_dist_compiled_react-dom_1e674e59._.js:959:74)\n    at processDispatchQueue (http://localhost:3000/_next/static/chunks/node_modules_next_dist_compiled_react-dom_1e674e59._.js:10334:41)\n    at http://localhost:3000/_next/static/chunks/node_modules_next_dist_compiled_react-dom_1e674e59._.js:10609:13\n    at batchedUpdates$1 (http://localhost:3000/_next/static/chunks/node_modules_next_dist_compiled_react-dom_1e674e59._.js:2247:44)\n    at dispatchEventForPluginEventSystem (http://localhost:3000/_next/static/chunks/node_modules_next_dist_compiled_react-dom_1e674e59._.js:10410:9)\n    at dispatchEvent (http://localhost:3000/_next/static/chunks/node_modules_next_dist_compiled_react-dom_1e674e59._.js:12925:37)\n    at dispatchDiscreteEvent (http://localhost:3000/_next/static/chunks/node_modules_next_dist_compiled_react-dom_1e674e59._.js:12907:64)\n    at eval (eval at evaluate (:234:30), <anonymous>:1:12)\n    at UtilityScript.evaluate (<anonymous>:241:19)\n    at UtilityScript.<anonymous> (<anonymous>:1:44) (at http://localhost:3000/_next/static/chunks/node_modules_next_dist_7a8122d0._.js:3117:31)\n[ERROR] Failed to load resource: net::ERR_EMPTY_RESPONSE (at http://localhost:3000/__nextjs_font/geist-latin.woff2:0:0)",
    "testType": "FRONTEND",
    "createFrom": "mcp",
    "testVisualization": "https://testsprite-videos.s3.us-east-1.amazonaws.com/c478e428-3051-70f4-f122-6f4e22b5117a/176518602436804//tmp/test_task/result.webm",
    "created": "2025-12-08T09:22:23.343Z",
    "modified": "2025-12-08T09:27:04.541Z"
  },
  {
    "projectId": "acd3f9c4-0691-4075-bc0d-c9f51cd86396",
    "testId": "a8ab2d02-ad06-4e79-8613-230e36938b5f",
    "userId": "c478e428-3051-70f4-f122-6f4e22b5117a",
    "title": "TC002-Contact Form Client-Side Validation Enforce Name Field Constraints",
    "description": "Verify that the Name field enforces minimum length of 2 and maximum length of 100 characters on client side and displays validation errors.",
    "code": "import asyncio\nfrom playwright import async_api\nfrom playwright.async_api import expect\n\nasync def run_test():\n    pw = None\n    browser = None\n    context = None\n    \n    try:\n        # Start a Playwright session in asynchronous mode\n        pw = await async_api.async_playwright().start()\n        \n        # Launch a Chromium browser in headless mode with custom arguments\n        browser = await pw.chromium.launch(\n            headless=True,\n            args=[\n                \"--window-size=1280,720\",         # Set the browser window size\n                \"--disable-dev-shm-usage\",        # Avoid using /dev/shm which can cause issues in containers\n                \"--ipc=host\",                     # Use host-level IPC for better stability\n                \"--single-process\"                # Run the browser in a single process mode\n            ],\n        )\n        \n        # Create a new browser context (like an incognito window)\n        context = await browser.new_context()\n        context.set_default_timeout(5000)\n        \n        # Open a new page in the browser context\n        page = await context.new_page()\n        \n        # Navigate to your target URL and wait until the network request is committed\n        await page.goto(\"http://localhost:3000\", wait_until=\"commit\", timeout=10000)\n        \n        # Wait for the main page to reach DOMContentLoaded state (optional for stability)\n        try:\n            await page.wait_for_load_state(\"domcontentloaded\", timeout=3000)\n        except async_api.Error:\n            pass\n        \n        # Iterate through all iframes and wait for them to load as well\n        for frame in page.frames:\n            try:\n                await frame.wait_for_load_state(\"domcontentloaded\", timeout=3000)\n            except async_api.Error:\n                pass\n        \n        # Interact with the page elements to simulate user flow\n        # -> Click on the Contact page link to navigate to the Contact page.\n        frame = context.pages[-1]\n        # Click on Contact link in the navigation menu to go to Contact page\n        elem = frame.locator('xpath=html/body/main/nav/div/div/a[5]').nth(0)\n        await page.wait_for_timeout(3000); await elem.click(timeout=5000)\n        \n\n        # --> Assertions to verify final state\n        frame = context.pages[-1]\n        try:\n            await expect(frame.locator('text=Name field length validation passed').first).to_be_visible(timeout=30000)\n        except AssertionError:\n            raise AssertionError('Test case failed: The Name field did not enforce minimum and maximum length constraints or did not display the expected validation error messages as per the test plan.')\n        await asyncio.sleep(5)\n    \n    finally:\n        if context:\n            await context.close()\n        if browser:\n            await browser.close()\n        if pw:\n            await pw.stop()\n            \nasyncio.run(run_test())\n    ",
    "testStatus": "FAILED",
    "testError": "Testing stopped due to navigation failure to Contact page. Cannot verify Name field validation as the Contact page is not accessible. Please fix the navigation issue and retry.\nBrowser Console Logs:\n[WARNING] [GroupMarkerNotSet(crbug.com/242999)!:A0C43B0054060000]Automatic fallback to software WebGL has been deprecated. Please use the --enable-unsafe-swiftshader flag to opt in to lower security guarantees for trusted content. (at http://localhost:3000/:0:0)\n[WARNING] [.WebGL-0x65400cf6f80]GL Driver Message (OpenGL, Performance, GL_CLOSE_PATH_NV, High): GPU stall due to ReadPixels (at http://localhost:3000/:0:0)\n[WARNING] [.WebGL-0x65400cf6f80]GL Driver Message (OpenGL, Performance, GL_CLOSE_PATH_NV, High): GPU stall due to ReadPixels (at http://localhost:3000/:0:0)\n[WARNING] [.WebGL-0x65400cf6f80]GL Driver Message (OpenGL, Performance, GL_CLOSE_PATH_NV, High): GPU stall due to ReadPixels (at http://localhost:3000/:0:0)\n[WARNING] [.WebGL-0x65400cf6f80]GL Driver Message (OpenGL, Performance, GL_CLOSE_PATH_NV, High): GPU stall due to ReadPixels (this message will no longer repeat) (at http://localhost:3000/:0:0)\n[ERROR] Failed to load resource: net::ERR_EMPTY_RESPONSE (at http://localhost:3000/contact?_rsc=vusbg:0:0)\n[ERROR] Failed to fetch RSC payload for http://localhost:3000/contact. Falling back to browser navigation. TypeError: Failed to fetch\n    at createFetch (http://localhost:3000/_next/static/chunks/node_modules_next_dist_client_aaee43fe._.js:2552:24)\n    at fetchServerResponse (http://localhost:3000/_next/static/chunks/node_modules_next_dist_client_aaee43fe._.js:2456:27)\n    at navigateDynamicallyWithNoPrefetch (http://localhost:3000/_next/static/chunks/node_modules_next_dist_client_aaee43fe._.js:7605:90)\n    at navigate (http://localhost:3000/_next/static/chunks/node_modules_next_dist_client_aaee43fe._.js:7424:15)\n    at navigateReducer (http://localhost:3000/_next/static/chunks/node_modules_next_dist_client_aaee43fe._.js:7900:45)\n    at clientReducer (http://localhost:3000/_next/static/chunks/node_modules_next_dist_client_aaee43fe._.js:12246:61)\n    at Object.action (http://localhost:3000/_next/static/chunks/node_modules_next_dist_client_aaee43fe._.js:12492:55)\n    at runAction (http://localhost:3000/_next/static/chunks/node_modules_next_dist_client_aaee43fe._.js:12397:38)\n    at dispatchAction (http://localhost:3000/_next/static/chunks/node_modules_next_dist_client_aaee43fe._.js:12460:9)\n    at Object.dispatch (http://localhost:3000/_next/static/chunks/node_modules_next_dist_client_aaee43fe._.js:12490:40)\n    at http://localhost:3000/_next/static/chunks/node_modules_next_dist_client_aaee43fe._.js:1442:29\n    at startTransition (http://localhost:3000/_next/static/chunks/node_modules_next_dist_compiled_react-dom_1e674e59._.js:5494:31)\n    at dispatch (http://localhost:3000/_next/static/chunks/node_modules_next_dist_client_aaee43fe._.js:1441:13)\n    at dispatchAppRouterAction (http://localhost:3000/_next/static/chunks/node_modules_next_dist_client_aaee43fe._.js:1423:5)\n    at dispatchNavigateAction (http://localhost:3000/_next/static/chunks/node_modules_next_dist_client_aaee43fe._.js:12544:49)\n    at http://localhost:3000/_next/static/chunks/node_modules_6272974d._.js:617:13\n    at Object.startTransition (http://localhost:3000/_next/static/chunks/node_modules_next_dist_compiled_a0e4c7b4._.js:1279:31)\n    at linkClicked (http://localhost:3000/_next/static/chunks/node_modules_6272974d._.js:616:24)\n    at onClick (http://localhost:3000/_next/static/chunks/node_modules_6272974d._.js:857:13)\n    at executeDispatch (http://localhost:3000/_next/static/chunks/node_modules_next_dist_compiled_react-dom_1e674e59._.js:10308:13)\n    at runWithFiberInDEV (http://localhost:3000/_next/static/chunks/node_modules_next_dist_compiled_react-dom_1e674e59._.js:959:74)\n    at processDispatchQueue (http://localhost:3000/_next/static/chunks/node_modules_next_dist_compiled_react-dom_1e674e59._.js:10334:41)\n    at http://localhost:3000/_next/static/chunks/node_modules_next_dist_compiled_react-dom_1e674e59._.js:10609:13\n    at batchedUpdates$1 (http://localhost:3000/_next/static/chunks/node_modules_next_dist_compiled_react-dom_1e674e59._.js:2247:44)\n    at dispatchEventForPluginEventSystem (http://localhost:3000/_next/static/chunks/node_modules_next_dist_compiled_react-dom_1e674e59._.js:10410:9)\n    at dispatchEvent (http://localhost:3000/_next/static/chunks/node_modules_next_dist_compiled_react-dom_1e674e59._.js:12925:37)\n    at dispatchDiscreteEvent (http://localhost:3000/_next/static/chunks/node_modules_next_dist_compiled_react-dom_1e674e59._.js:12907:64)\n    at eval (eval at evaluate (:234:30), <anonymous>:1:12)\n    at UtilityScript.evaluate (<anonymous>:241:19)\n    at UtilityScript.<anonymous> (<anonymous>:1:44) (at http://localhost:3000/_next/static/chunks/node_modules_next_dist_7a8122d0._.js:3117:31)\n[ERROR] Failed to load resource: net::ERR_EMPTY_RESPONSE (at http://localhost:3000/__nextjs_font/geist-latin.woff2:0:0)",
    "testType": "FRONTEND",
    "createFrom": "mcp",
    "testVisualization": "https://testsprite-videos.s3.us-east-1.amazonaws.com/c478e428-3051-70f4-f122-6f4e22b5117a/1765186034159622//tmp/test_task/result.webm",
    "created": "2025-12-08T09:22:23.350Z",
    "modified": "2025-12-08T09:27:14.284Z"
  },
  {
    "projectId": "acd3f9c4-0691-4075-bc0d-c9f51cd86396",
    "testId": "77d210f0-c336-4c36-85af-4bde1680f248",
    "userId": "c478e428-3051-70f4-f122-6f4e22b5117a",
    "title": "TC003-Contact Form Client-Side Validation Enforce Email Constraints",
    "description": "Verify that the Email field enforces valid email format and maximum length of 255 characters and displays validation errors.",
    "code": "import asyncio\nfrom playwright import async_api\nfrom playwright.async_api import expect\n\nasync def run_test():\n    pw = None\n    browser = None\n    context = None\n    \n    try:\n        # Start a Playwright session in asynchronous mode\n        pw = await async_api.async_playwright().start()\n        \n        # Launch a Chromium browser in headless mode with custom arguments\n        browser = await pw.chromium.launch(\n            headless=True,\n            args=[\n                \"--window-size=1280,720\",         # Set the browser window size\n                \"--disable-dev-shm-usage\",        # Avoid using /dev/shm which can cause issues in containers\n                \"--ipc=host\",                     # Use host-level IPC for better stability\n                \"--single-process\"                # Run the browser in a single process mode\n            ],\n        )\n        \n        # Create a new browser context (like an incognito window)\n        context = await browser.new_context()\n        context.set_default_timeout(5000)\n        \n        # Open a new page in the browser context\n        page = await context.new_page()\n        \n        # Navigate to your target URL and wait until the network request is committed\n        await page.goto(\"http://localhost:3000\", wait_until=\"commit\", timeout=10000)\n        \n        # Wait for the main page to reach DOMContentLoaded state (optional for stability)\n        try:\n            await page.wait_for_load_state(\"domcontentloaded\", timeout=3000)\n        except async_api.Error:\n            pass\n        \n        # Iterate through all iframes and wait for them to load as well\n        for frame in page.frames:\n            try:\n                await frame.wait_for_load_state(\"domcontentloaded\", timeout=3000)\n            except async_api.Error:\n                pass\n        \n        # Interact with the page elements to simulate user flow\n        # -> Click on Contact link to navigate to Contact page.\n        frame = context.pages[-1]\n        # Click on Contact link in the top navigation to go to Contact page\n        elem = frame.locator('xpath=html/body/main/nav/div/div/a[5]').nth(0)\n        await page.wait_for_timeout(3000); await elem.click(timeout=5000)\n        \n\n        # --> Assertions to verify final state\n        frame = context.pages[-1]\n        try:\n            await expect(frame.locator('text=Email address is valid and within length limits')).to_be_visible(timeout=3000)\n        except AssertionError:\n            raise AssertionError(\"Test case failed: The Email field validation did not enforce valid email format and maximum length of 255 characters as expected.\")\n        await asyncio.sleep(5)\n    \n    finally:\n        if context:\n            await context.close()\n        if browser:\n            await browser.close()\n        if pw:\n            await pw.stop()\n            \nasyncio.run(run_test())\n    ",
    "testStatus": "FAILED",
    "testError": "The task to verify the Email field validation could not be completed because the Contact page is inaccessible. Clicking the Contact link leads to a chrome error page, preventing any further testing. The issue has been reported as requested.\nBrowser Console Logs:\n[WARNING] [GroupMarkerNotSet(crbug.com/242999)!:A0D84500F42F0000]Automatic fallback to software WebGL has been deprecated. Please use the --enable-unsafe-swiftshader flag to opt in to lower security guarantees for trusted content. (at http://localhost:3000/:0:0)\n[WARNING] [.WebGL-0x2ff401c65380]GL Driver Message (OpenGL, Performance, GL_CLOSE_PATH_NV, High): GPU stall due to ReadPixels (at http://localhost:3000/:0:0)\n[WARNING] [.WebGL-0x2ff401c65380]GL Driver Message (OpenGL, Performance, GL_CLOSE_PATH_NV, High): GPU stall due to ReadPixels (at http://localhost:3000/:0:0)\n[WARNING] [.WebGL-0x2ff401c65380]GL Driver Message (OpenGL, Performance, GL_CLOSE_PATH_NV, High): GPU stall due to ReadPixels (at http://localhost:3000/:0:0)\n[WARNING] [.WebGL-0x2ff401c65380]GL Driver Message (OpenGL, Performance, GL_CLOSE_PATH_NV, High): GPU stall due to ReadPixels (this message will no longer repeat) (at http://localhost:3000/:0:0)\n[ERROR] Failed to load resource: net::ERR_EMPTY_RESPONSE (at http://localhost:3000/contact?_rsc=vusbg:0:0)\n[ERROR] Failed to fetch RSC payload for http://localhost:3000/contact. Falling back to browser navigation. TypeError: Failed to fetch\n    at createFetch (http://localhost:3000/_next/static/chunks/node_modules_next_dist_client_aaee43fe._.js:2552:24)\n    at fetchServerResponse (http://localhost:3000/_next/static/chunks/node_modules_next_dist_client_aaee43fe._.js:2456:27)\n    at navigateDynamicallyWithNoPrefetch (http://localhost:3000/_next/static/chunks/node_modules_next_dist_client_aaee43fe._.js:7605:90)\n    at navigate (http://localhost:3000/_next/static/chunks/node_modules_next_dist_client_aaee43fe._.js:7424:15)\n    at navigateReducer (http://localhost:3000/_next/static/chunks/node_modules_next_dist_client_aaee43fe._.js:7900:45)\n    at clientReducer (http://localhost:3000/_next/static/chunks/node_modules_next_dist_client_aaee43fe._.js:12246:61)\n    at Object.action (http://localhost:3000/_next/static/chunks/node_modules_next_dist_client_aaee43fe._.js:12492:55)\n    at runAction (http://localhost:3000/_next/static/chunks/node_modules_next_dist_client_aaee43fe._.js:12397:38)\n    at dispatchAction (http://localhost:3000/_next/static/chunks/node_modules_next_dist_client_aaee43fe._.js:12460:9)\n    at Object.dispatch (http://localhost:3000/_next/static/chunks/node_modules_next_dist_client_aaee43fe._.js:12490:40)\n    at http://localhost:3000/_next/static/chunks/node_modules_next_dist_client_aaee43fe._.js:1442:29\n    at startTransition (http://localhost:3000/_next/static/chunks/node_modules_next_dist_compiled_react-dom_1e674e59._.js:5494:31)\n    at dispatch (http://localhost:3000/_next/static/chunks/node_modules_next_dist_client_aaee43fe._.js:1441:13)\n    at dispatchAppRouterAction (http://localhost:3000/_next/static/chunks/node_modules_next_dist_client_aaee43fe._.js:1423:5)\n    at dispatchNavigateAction (http://localhost:3000/_next/static/chunks/node_modules_next_dist_client_aaee43fe._.js:12544:49)\n    at http://localhost:3000/_next/static/chunks/node_modules_6272974d._.js:617:13\n    at Object.startTransition (http://localhost:3000/_next/static/chunks/node_modules_next_dist_compiled_a0e4c7b4._.js:1279:31)\n    at linkClicked (http://localhost:3000/_next/static/chunks/node_modules_6272974d._.js:616:24)\n    at onClick (http://localhost:3000/_next/static/chunks/node_modules_6272974d._.js:857:13)\n    at executeDispatch (http://localhost:3000/_next/static/chunks/node_modules_next_dist_compiled_react-dom_1e674e59._.js:10308:13)\n    at runWithFiberInDEV (http://localhost:3000/_next/static/chunks/node_modules_next_dist_compiled_react-dom_1e674e59._.js:959:74)\n    at processDispatchQueue (http://localhost:3000/_next/static/chunks/node_modules_next_dist_compiled_react-dom_1e674e59._.js:10334:41)\n    at http://localhost:3000/_next/static/chunks/node_modules_next_dist_compiled_react-dom_1e674e59._.js:10609:13\n    at batchedUpdates$1 (http://localhost:3000/_next/static/chunks/node_modules_next_dist_compiled_react-dom_1e674e59._.js:2247:44)\n    at dispatchEventForPluginEventSystem (http://localhost:3000/_next/static/chunks/node_modules_next_dist_compiled_react-dom_1e674e59._.js:10410:9)\n    at dispatchEvent (http://localhost:3000/_next/static/chunks/node_modules_next_dist_compiled_react-dom_1e674e59._.js:12925:37)\n    at dispatchDiscreteEvent (http://localhost:3000/_next/static/chunks/node_modules_next_dist_compiled_react-dom_1e674e59._.js:12907:64)\n    at eval (eval at evaluate (:234:30), <anonymous>:1:12)\n    at UtilityScript.evaluate (<anonymous>:241:19)\n    at UtilityScript.<anonymous> (<anonymous>:1:44) (at http://localhost:3000/_next/static/chunks/node_modules_next_dist_7a8122d0._.js:3117:31)\n[ERROR] Failed to load resource: net::ERR_EMPTY_RESPONSE (at http://localhost:3000/__nextjs_font/geist-latin.woff2:0:0)",
    "testType": "FRONTEND",
    "createFrom": "mcp",
    "testVisualization": "https://testsprite-videos.s3.us-east-1.amazonaws.com/c478e428-3051-70f4-f122-6f4e22b5117a/176518601250447//tmp/test_task/result.webm",
    "created": "2025-12-08T09:22:23.357Z",
    "modified": "2025-12-08T09:26:52.633Z"
  },
  {
    "projectId": "acd3f9c4-0691-4075-bc0d-c9f51cd86396",
    "testId": "303d9869-b5c4-4b33-be7e-e765fae9b906",
    "userId": "c478e428-3051-70f4-f122-6f4e22b5117a",
    "title": "TC004-Contact Form Client-Side Validation Enforce Subject Enum",
    "description": "Verify that the Subject field only allows valid enum selections and rejects invalid entries.",
    "code": "import asyncio\nfrom playwright import async_api\nfrom playwright.async_api import expect\n\nasync def run_test():\n    pw = None\n    browser = None\n    context = None\n    \n    try:\n        # Start a Playwright session in asynchronous mode\n        pw = await async_api.async_playwright().start()\n        \n        # Launch a Chromium browser in headless mode with custom arguments\n        browser = await pw.chromium.launch(\n            headless=True,\n            args=[\n                \"--window-size=1280,720\",         # Set the browser window size\n                \"--disable-dev-shm-usage\",        # Avoid using /dev/shm which can cause issues in containers\n                \"--ipc=host\",                     # Use host-level IPC for better stability\n                \"--single-process\"                # Run the browser in a single process mode\n            ],\n        )\n        \n        # Create a new browser context (like an incognito window)\n        context = await browser.new_context()\n        context.set_default_timeout(5000)\n        \n        # Open a new page in the browser context\n        page = await context.new_page()\n        \n        # Navigate to your target URL and wait until the network request is committed\n        await page.goto(\"http://localhost:3000\", wait_until=\"commit\", timeout=10000)\n        \n        # Wait for the main page to reach DOMContentLoaded state (optional for stability)\n        try:\n            await page.wait_for_load_state(\"domcontentloaded\", timeout=3000)\n        except async_api.Error:\n            pass\n        \n        # Iterate through all iframes and wait for them to load as well\n        for frame in page.frames:\n            try:\n                await frame.wait_for_load_state(\"domcontentloaded\", timeout=3000)\n            except async_api.Error:\n                pass\n        \n        # Interact with the page elements to simulate user flow\n        # -> Click on the Contact page link to navigate to the Contact page.\n        frame = context.pages[-1]\n        # Click on the Contact link in the navigation menu to go to the Contact page.\n        elem = frame.locator('xpath=html/body/main/nav/div/div/a[5]').nth(0)\n        await page.wait_for_timeout(3000); await elem.click(timeout=5000)\n        \n\n        # --> Assertions to verify final state\n        frame = context.pages[-1]\n        try:\n            await expect(frame.locator('text=Invalid Subject Selection Error').first).to_be_visible(timeout=30000)\n        except AssertionError:\n            raise AssertionError(\"Test case failed: The form accepted an invalid subject value, which violates the requirement that only valid enum selections (General Inquiry, Membership, Personal Training, Careers) are allowed.\")\n        await asyncio.sleep(5)\n    \n    finally:\n        if context:\n            await context.close()\n        if browser:\n            await browser.close()\n        if pw:\n            await pw.stop()\n            \nasyncio.run(run_test())\n    ",
    "testStatus": "FAILED",
    "testError": "The Contact page is unreachable due to a browser error page. Cannot proceed with testing the Subject field enum validation. Task stopped.\nBrowser Console Logs:\n[WARNING] [GroupMarkerNotSet(crbug.com/242999)!:A0D83B0054200000]Automatic fallback to software WebGL has been deprecated. Please use the --enable-unsafe-swiftshader flag to opt in to lower security guarantees for trusted content. (at http://localhost:3000/:0:0)\n[WARNING] [.WebGL-0x205401be1c00]GL Driver Message (OpenGL, Performance, GL_CLOSE_PATH_NV, High): GPU stall due to ReadPixels (at http://localhost:3000/:0:0)\n[WARNING] [.WebGL-0x205401be1c00]GL Driver Message (OpenGL, Performance, GL_CLOSE_PATH_NV, High): GPU stall due to ReadPixels (at http://localhost:3000/:0:0)\n[WARNING] [.WebGL-0x205401be1c00]GL Driver Message (OpenGL, Performance, GL_CLOSE_PATH_NV, High): GPU stall due to ReadPixels (at http://localhost:3000/:0:0)\n[WARNING] [.WebGL-0x205401be1c00]GL Driver Message (OpenGL, Performance, GL_CLOSE_PATH_NV, High): GPU stall due to ReadPixels (this message will no longer repeat) (at http://localhost:3000/:0:0)\n[ERROR] Failed to load resource: net::ERR_EMPTY_RESPONSE (at http://localhost:3000/contact?_rsc=vusbg:0:0)\n[ERROR] Failed to fetch RSC payload for http://localhost:3000/contact. Falling back to browser navigation. TypeError: Failed to fetch\n    at createFetch (http://localhost:3000/_next/static/chunks/node_modules_next_dist_client_aaee43fe._.js:2552:24)\n    at fetchServerResponse (http://localhost:3000/_next/static/chunks/node_modules_next_dist_client_aaee43fe._.js:2456:27)\n    at navigateDynamicallyWithNoPrefetch (http://localhost:3000/_next/static/chunks/node_modules_next_dist_client_aaee43fe._.js:7605:90)\n    at navigate (http://localhost:3000/_next/static/chunks/node_modules_next_dist_client_aaee43fe._.js:7424:15)\n    at navigateReducer (http://localhost:3000/_next/static/chunks/node_modules_next_dist_client_aaee43fe._.js:7900:45)\n    at clientReducer (http://localhost:3000/_next/static/chunks/node_modules_next_dist_client_aaee43fe._.js:12246:61)\n    at Object.action (http://localhost:3000/_next/static/chunks/node_modules_next_dist_client_aaee43fe._.js:12492:55)\n    at runAction (http://localhost:3000/_next/static/chunks/node_modules_next_dist_client_aaee43fe._.js:12397:38)\n    at dispatchAction (http://localhost:3000/_next/static/chunks/node_modules_next_dist_client_aaee43fe._.js:12460:9)\n    at Object.dispatch (http://localhost:3000/_next/static/chunks/node_modules_next_dist_client_aaee43fe._.js:12490:40)\n    at http://localhost:3000/_next/static/chunks/node_modules_next_dist_client_aaee43fe._.js:1442:29\n    at startTransition (http://localhost:3000/_next/static/chunks/node_modules_next_dist_compiled_react-dom_1e674e59._.js:5494:31)\n    at dispatch (http://localhost:3000/_next/static/chunks/node_modules_next_dist_client_aaee43fe._.js:1441:13)\n    at dispatchAppRouterAction (http://localhost:3000/_next/static/chunks/node_modules_next_dist_client_aaee43fe._.js:1423:5)\n    at dispatchNavigateAction (http://localhost:3000/_next/static/chunks/node_modules_next_dist_client_aaee43fe._.js:12544:49)\n    at http://localhost:3000/_next/static/chunks/node_modules_next_c5b46714._.js:617:13\n    at Object.startTransition (http://localhost:3000/_next/static/chunks/node_modules_next_dist_compiled_a0e4c7b4._.js:1279:31)\n    at linkClicked (http://localhost:3000/_next/static/chunks/node_modules_next_c5b46714._.js:616:24)\n    at onClick (http://localhost:3000/_next/static/chunks/node_modules_next_c5b46714._.js:857:13)\n    at executeDispatch (http://localhost:3000/_next/static/chunks/node_modules_next_dist_compiled_react-dom_1e674e59._.js:10308:13)\n    at runWithFiberInDEV (http://localhost:3000/_next/static/chunks/node_modules_next_dist_compiled_react-dom_1e674e59._.js:959:74)\n    at processDispatchQueue (http://localhost:3000/_next/static/chunks/node_modules_next_dist_compiled_react-dom_1e674e59._.js:10334:41)\n    at http://localhost:3000/_next/static/chunks/node_modules_next_dist_compiled_react-dom_1e674e59._.js:10609:13\n    at batchedUpdates$1 (http://localhost:3000/_next/static/chunks/node_modules_next_dist_compiled_react-dom_1e674e59._.js:2247:44)\n    at dispatchEventForPluginEventSystem (http://localhost:3000/_next/static/chunks/node_modules_next_dist_compiled_react-dom_1e674e59._.js:10410:9)\n    at dispatchEvent (http://localhost:3000/_next/static/chunks/node_modules_next_dist_compiled_react-dom_1e674e59._.js:12925:37)\n    at dispatchDiscreteEvent (http://localhost:3000/_next/static/chunks/node_modules_next_dist_compiled_react-dom_1e674e59._.js:12907:64)\n    at eval (eval at evaluate (:234:30), <anonymous>:1:12)\n    at UtilityScript.evaluate (<anonymous>:241:19)\n    at UtilityScript.<anonymous> (<anonymous>:1:44) (at http://localhost:3000/_next/static/chunks/node_modules_next_dist_7a8122d0._.js:3117:31)\n[ERROR] Failed to load resource: net::ERR_EMPTY_RESPONSE (at http://localhost:3000/__nextjs_font/geist-latin.woff2:0:0)",
    "testType": "FRONTEND",
    "createFrom": "mcp",
    "testVisualization": "https://testsprite-videos.s3.us-east-1.amazonaws.com/c478e428-3051-70f4-f122-6f4e22b5117a/1765186014429229//tmp/test_task/result.webm",
    "created": "2025-12-08T09:22:23.362Z",
    "modified": "2025-12-08T09:26:54.566Z"
  },
  {
    "projectId": "acd3f9c4-0691-4075-bc0d-c9f51cd86396",
    "testId": "a8be90b1-9c05-4a64-b4a9-9bed888d8848",
    "userId": "c478e428-3051-70f4-f122-6f4e22b5117a",
    "title": "TC005-Contact Form Client-Side Validation Enforce Message Length",
    "description": "Verify that the Message field enforces minimum length of 10 and maximum length of 1000 characters with appropriate validation messages.",
    "code": "import asyncio\nfrom playwright import async_api\nfrom playwright.async_api import expect\n\nasync def run_test():\n    pw = None\n    browser = None\n    context = None\n    \n    try:\n        # Start a Playwright session in asynchronous mode\n        pw = await async_api.async_playwright().start()\n        \n        # Launch a Chromium browser in headless mode with custom arguments\n        browser = await pw.chromium.launch(\n            headless=True,\n            args=[\n                \"--window-size=1280,720\",         # Set the browser window size\n                \"--disable-dev-shm-usage\",        # Avoid using /dev/shm which can cause issues in containers\n                \"--ipc=host\",                     # Use host-level IPC for better stability\n                \"--single-process\"                # Run the browser in a single process mode\n            ],\n        )\n        \n        # Create a new browser context (like an incognito window)\n        context = await browser.new_context()\n        context.set_default_timeout(5000)\n        \n        # Open a new page in the browser context\n        page = await context.new_page()\n        \n        # Navigate to your target URL and wait until the network request is committed\n        await page.goto(\"http://localhost:3000\", wait_until=\"commit\", timeout=10000)\n        \n        # Wait for the main page to reach DOMContentLoaded state (optional for stability)\n        try:\n            await page.wait_for_load_state(\"domcontentloaded\", timeout=3000)\n        except async_api.Error:\n            pass\n        \n        # Iterate through all iframes and wait for them to load as well\n        for frame in page.frames:\n            try:\n                await frame.wait_for_load_state(\"domcontentloaded\", timeout=3000)\n            except async_api.Error:\n                pass\n        \n        # Interact with the page elements to simulate user flow\n        # -> Click on the Contact page link to navigate to the Contact page.\n        frame = context.pages[-1]\n        # Click on Contact link in the top navigation to go to Contact page\n        elem = frame.locator('xpath=html/body/main/nav/div/div/a[5]').nth(0)\n        await page.wait_for_timeout(3000); await elem.click(timeout=5000)\n        \n\n        # --> Assertions to verify final state\n        frame = context.pages[-1]\n        try:\n            await expect(frame.locator('text=Message length validation passed').first).to_be_visible(timeout=30000)\n        except AssertionError:\n            raise AssertionError(\"Test case failed: The Message field validation for minimum and maximum length did not pass as expected. Validation error messages for input less than 10 characters or more than 1000 characters were not displayed.\")\n        await asyncio.sleep(5)\n    \n    finally:\n        if context:\n            await context.close()\n        if browser:\n            await browser.close()\n        if pw:\n            await pw.stop()\n            \nasyncio.run(run_test())\n    ",
    "testStatus": "FAILED",
    "testError": "Testing stopped due to broken Contact page link causing navigation to an error page. Validation of Message field length cannot be performed.\nBrowser Console Logs:\n[WARNING] [GroupMarkerNotSet(crbug.com/242999)!:A0043C00443B0000]Automatic fallback to software WebGL has been deprecated. Please use the --enable-unsafe-swiftshader flag to opt in to lower security guarantees for trusted content. (at http://localhost:3000/:0:0)\n[WARNING] [.WebGL-0x3b44027ddc00]GL Driver Message (OpenGL, Performance, GL_CLOSE_PATH_NV, High): GPU stall due to ReadPixels (at http://localhost:3000/:0:0)\n[WARNING] [.WebGL-0x3b44027ddc00]GL Driver Message (OpenGL, Performance, GL_CLOSE_PATH_NV, High): GPU stall due to ReadPixels (at http://localhost:3000/:0:0)\n[WARNING] [.WebGL-0x3b44027ddc00]GL Driver Message (OpenGL, Performance, GL_CLOSE_PATH_NV, High): GPU stall due to ReadPixels (at http://localhost:3000/:0:0)\n[WARNING] [.WebGL-0x3b44027ddc00]GL Driver Message (OpenGL, Performance, GL_CLOSE_PATH_NV, High): GPU stall due to ReadPixels (this message will no longer repeat) (at http://localhost:3000/:0:0)\n[ERROR] Failed to load resource: net::ERR_EMPTY_RESPONSE (at http://localhost:3000/contact?_rsc=vusbg:0:0)\n[ERROR] Failed to fetch RSC payload for http://localhost:3000/contact. Falling back to browser navigation. TypeError: Failed to fetch\n    at createFetch (http://localhost:3000/_next/static/chunks/node_modules_next_dist_client_aaee43fe._.js:2552:24)\n    at fetchServerResponse (http://localhost:3000/_next/static/chunks/node_modules_next_dist_client_aaee43fe._.js:2456:27)\n    at navigateDynamicallyWithNoPrefetch (http://localhost:3000/_next/static/chunks/node_modules_next_dist_client_aaee43fe._.js:7605:90)\n    at navigate (http://localhost:3000/_next/static/chunks/node_modules_next_dist_client_aaee43fe._.js:7424:15)\n    at navigateReducer (http://localhost:3000/_next/static/chunks/node_modules_next_dist_client_aaee43fe._.js:7900:45)\n    at clientReducer (http://localhost:3000/_next/static/chunks/node_modules_next_dist_client_aaee43fe._.js:12246:61)\n    at Object.action (http://localhost:3000/_next/static/chunks/node_modules_next_dist_client_aaee43fe._.js:12492:55)\n    at runAction (http://localhost:3000/_next/static/chunks/node_modules_next_dist_client_aaee43fe._.js:12397:38)\n    at dispatchAction (http://localhost:3000/_next/static/chunks/node_modules_next_dist_client_aaee43fe._.js:12460:9)\n    at Object.dispatch (http://localhost:3000/_next/static/chunks/node_modules_next_dist_client_aaee43fe._.js:12490:40)\n    at http://localhost:3000/_next/static/chunks/node_modules_next_dist_client_aaee43fe._.js:1442:29\n    at startTransition (http://localhost:3000/_next/static/chunks/node_modules_next_dist_compiled_react-dom_1e674e59._.js:5494:31)\n    at dispatch (http://localhost:3000/_next/static/chunks/node_modules_next_dist_client_aaee43fe._.js:1441:13)\n    at dispatchAppRouterAction (http://localhost:3000/_next/static/chunks/node_modules_next_dist_client_aaee43fe._.js:1423:5)\n    at dispatchNavigateAction (http://localhost:3000/_next/static/chunks/node_modules_next_dist_client_aaee43fe._.js:12544:49)\n    at http://localhost:3000/_next/static/chunks/node_modules_6272974d._.js:617:13\n    at Object.startTransition (http://localhost:3000/_next/static/chunks/node_modules_next_dist_compiled_a0e4c7b4._.js:1279:31)\n    at linkClicked (http://localhost:3000/_next/static/chunks/node_modules_6272974d._.js:616:24)\n    at onClick (http://localhost:3000/_next/static/chunks/node_modules_6272974d._.js:857:13)\n    at executeDispatch (http://localhost:3000/_next/static/chunks/node_modules_next_dist_compiled_react-dom_1e674e59._.js:10308:13)\n    at runWithFiberInDEV (http://localhost:3000/_next/static/chunks/node_modules_next_dist_compiled_react-dom_1e674e59._.js:959:74)\n    at processDispatchQueue (http://localhost:3000/_next/static/chunks/node_modules_next_dist_compiled_react-dom_1e674e59._.js:10334:41)\n    at http://localhost:3000/_next/static/chunks/node_modules_next_dist_compiled_react-dom_1e674e59._.js:10609:13\n    at batchedUpdates$1 (http://localhost:3000/_next/static/chunks/node_modules_next_dist_compiled_react-dom_1e674e59._.js:2247:44)\n    at dispatchEventForPluginEventSystem (http://localhost:3000/_next/static/chunks/node_modules_next_dist_compiled_react-dom_1e674e59._.js:10410:9)\n    at dispatchEvent (http://localhost:3000/_next/static/chunks/node_modules_next_dist_compiled_react-dom_1e674e59._.js:12925:37)\n    at dispatchDiscreteEvent (http://localhost:3000/_next/static/chunks/node_modules_next_dist_compiled_react-dom_1e674e59._.js:12907:64)\n    at eval (eval at evaluate (:234:30), <anonymous>:1:12)\n    at UtilityScript.evaluate (<anonymous>:241:19)\n    at UtilityScript.<anonymous> (<anonymous>:1:44) (at http://localhost:3000/_next/static/chunks/node_modules_next_dist_7a8122d0._.js:3117:31)\n[ERROR] Failed to load resource: net::ERR_EMPTY_RESPONSE (at http://localhost:3000/__nextjs_font/geist-latin.woff2:0:0)",
    "testType": "FRONTEND",
    "createFrom": "mcp",
    "testVisualization": "https://testsprite-videos.s3.us-east-1.amazonaws.com/c478e428-3051-70f4-f122-6f4e22b5117a/1765186006573833//tmp/test_task/result.webm",
    "created": "2025-12-08T09:22:23.368Z",
    "modified": "2025-12-08T09:26:46.719Z"
  },
  {
    "projectId": "acd3f9c4-0691-4075-bc0d-c9f51cd86396",
    "testId": "adebf673-0dc7-4e0f-a757-f6dac4c52495",
    "userId": "c478e428-3051-70f4-f122-6f4e22b5117a",
    "title": "TC006-Prevent Double Submission on Contact Form",
    "description": "Verify that while a contact form submission is processing, the submit button is disabled or multiple submissions cannot be triggered.",
    "code": "import asyncio\nfrom playwright import async_api\nfrom playwright.async_api import expect\n\nasync def run_test():\n    pw = None\n    browser = None\n    context = None\n    \n    try:\n        # Start a Playwright session in asynchronous mode\n        pw = await async_api.async_playwright().start()\n        \n        # Launch a Chromium browser in headless mode with custom arguments\n        browser = await pw.chromium.launch(\n            headless=True,\n            args=[\n                \"--window-size=1280,720\",         # Set the browser window size\n                \"--disable-dev-shm-usage\",        # Avoid using /dev/shm which can cause issues in containers\n                \"--ipc=host\",                     # Use host-level IPC for better stability\n                \"--single-process\"                # Run the browser in a single process mode\n            ],\n        )\n        \n        # Create a new browser context (like an incognito window)\n        context = await browser.new_context()\n        context.set_default_timeout(5000)\n        \n        # Open a new page in the browser context\n        page = await context.new_page()\n        \n        # Navigate to your target URL and wait until the network request is committed\n        await page.goto(\"http://localhost:3000\", wait_until=\"commit\", timeout=10000)\n        \n        # Wait for the main page to reach DOMContentLoaded state (optional for stability)\n        try:\n            await page.wait_for_load_state(\"domcontentloaded\", timeout=3000)\n        except async_api.Error:\n            pass\n        \n        # Iterate through all iframes and wait for them to load as well\n        for frame in page.frames:\n            try:\n                await frame.wait_for_load_state(\"domcontentloaded\", timeout=3000)\n            except async_api.Error:\n                pass\n        \n        # Interact with the page elements to simulate user flow\n        # -> Navigate to the contact form page by clicking the 'Contact' link.\n        frame = context.pages[-1]\n        # Click on the 'Contact' link in the navigation to open the contact form.\n        elem = frame.locator('xpath=html/body/main/nav/div/div/a[5]').nth(0)\n        await page.wait_for_timeout(3000); await elem.click(timeout=5000)\n        \n\n        # --> Assertions to verify final state\n        frame = context.pages[-1]\n        try:\n            await expect(frame.locator('text=Multiple Submissions Allowed').first).to_be_visible(timeout=3000)\n        except AssertionError:\n            raise AssertionError('Test case failed: The submit button was not disabled or multiple submissions were triggered during contact form submission, violating the test plan.')\n        await asyncio.sleep(5)\n    \n    finally:\n        if context:\n            await context.close()\n        if browser:\n            await browser.close()\n        if pw:\n            await pw.stop()\n            \nasyncio.run(run_test())\n    ",
    "testStatus": "FAILED",
    "testError": "Testing stopped due to inability to access the contact form. The page leads to a chrome error page preventing further actions.\nBrowser Console Logs:\n[WARNING] [GroupMarkerNotSet(crbug.com/242999)!:A06C40008C170000]Automatic fallback to software WebGL has been deprecated. Please use the --enable-unsafe-swiftshader flag to opt in to lower security guarantees for trusted content. (at http://localhost:3000/:0:0)\n[WARNING] [.WebGL-0x178c00cfaf80]GL Driver Message (OpenGL, Performance, GL_CLOSE_PATH_NV, High): GPU stall due to ReadPixels (at http://localhost:3000/:0:0)\n[WARNING] [.WebGL-0x178c00cfaf80]GL Driver Message (OpenGL, Performance, GL_CLOSE_PATH_NV, High): GPU stall due to ReadPixels (at http://localhost:3000/:0:0)\n[WARNING] [.WebGL-0x178c00cfaf80]GL Driver Message (OpenGL, Performance, GL_CLOSE_PATH_NV, High): GPU stall due to ReadPixels (at http://localhost:3000/:0:0)\n[WARNING] [.WebGL-0x178c00cfaf80]GL Driver Message (OpenGL, Performance, GL_CLOSE_PATH_NV, High): GPU stall due to ReadPixels (this message will no longer repeat) (at http://localhost:3000/:0:0)\n[ERROR] Failed to load resource: net::ERR_EMPTY_RESPONSE (at http://localhost:3000/contact?_rsc=vusbg:0:0)\n[ERROR] Failed to fetch RSC payload for http://localhost:3000/contact. Falling back to browser navigation. TypeError: Failed to fetch\n    at createFetch (http://localhost:3000/_next/static/chunks/node_modules_next_dist_client_aaee43fe._.js:2552:24)\n    at fetchServerResponse (http://localhost:3000/_next/static/chunks/node_modules_next_dist_client_aaee43fe._.js:2456:27)\n    at navigateDynamicallyWithNoPrefetch (http://localhost:3000/_next/static/chunks/node_modules_next_dist_client_aaee43fe._.js:7605:90)\n    at navigate (http://localhost:3000/_next/static/chunks/node_modules_next_dist_client_aaee43fe._.js:7424:15)\n    at navigateReducer (http://localhost:3000/_next/static/chunks/node_modules_next_dist_client_aaee43fe._.js:7900:45)\n    at clientReducer (http://localhost:3000/_next/static/chunks/node_modules_next_dist_client_aaee43fe._.js:12246:61)\n    at Object.action (http://localhost:3000/_next/static/chunks/node_modules_next_dist_client_aaee43fe._.js:12492:55)\n    at runAction (http://localhost:3000/_next/static/chunks/node_modules_next_dist_client_aaee43fe._.js:12397:38)\n    at dispatchAction (http://localhost:3000/_next/static/chunks/node_modules_next_dist_client_aaee43fe._.js:12460:9)\n    at Object.dispatch (http://localhost:3000/_next/static/chunks/node_modules_next_dist_client_aaee43fe._.js:12490:40)\n    at http://localhost:3000/_next/static/chunks/node_modules_next_dist_client_aaee43fe._.js:1442:29\n    at startTransition (http://localhost:3000/_next/static/chunks/node_modules_next_dist_compiled_react-dom_1e674e59._.js:5494:31)\n    at dispatch (http://localhost:3000/_next/static/chunks/node_modules_next_dist_client_aaee43fe._.js:1441:13)\n    at dispatchAppRouterAction (http://localhost:3000/_next/static/chunks/node_modules_next_dist_client_aaee43fe._.js:1423:5)\n    at dispatchNavigateAction (http://localhost:3000/_next/static/chunks/node_modules_next_dist_client_aaee43fe._.js:12544:49)\n    at http://localhost:3000/_next/static/chunks/node_modules_6272974d._.js:617:13\n    at Object.startTransition (http://localhost:3000/_next/static/chunks/node_modules_next_dist_compiled_a0e4c7b4._.js:1279:31)\n    at linkClicked (http://localhost:3000/_next/static/chunks/node_modules_6272974d._.js:616:24)\n    at onClick (http://localhost:3000/_next/static/chunks/node_modules_6272974d._.js:857:13)\n    at executeDispatch (http://localhost:3000/_next/static/chunks/node_modules_next_dist_compiled_react-dom_1e674e59._.js:10308:13)\n    at runWithFiberInDEV (http://localhost:3000/_next/static/chunks/node_modules_next_dist_compiled_react-dom_1e674e59._.js:959:74)\n    at processDispatchQueue (http://localhost:3000/_next/static/chunks/node_modules_next_dist_compiled_react-dom_1e674e59._.js:10334:41)\n    at http://localhost:3000/_next/static/chunks/node_modules_next_dist_compiled_react-dom_1e674e59._.js:10609:13\n    at batchedUpdates$1 (http://localhost:3000/_next/static/chunks/node_modules_next_dist_compiled_react-dom_1e674e59._.js:2247:44)\n    at dispatchEventForPluginEventSystem (http://localhost:3000/_next/static/chunks/node_modules_next_dist_compiled_react-dom_1e674e59._.js:10410:9)\n    at dispatchEvent (http://localhost:3000/_next/static/chunks/node_modules_next_dist_compiled_react-dom_1e674e59._.js:12925:37)\n    at dispatchDiscreteEvent (http://localhost:3000/_next/static/chunks/node_modules_next_dist_compiled_react-dom_1e674e59._.js:12907:64)\n    at eval (eval at evaluate (:234:30), <anonymous>:1:12)\n    at UtilityScript.evaluate (<anonymous>:241:19)\n    at UtilityScript.<anonymous> (<anonymous>:1:44) (at http://localhost:3000/_next/static/chunks/node_modules_next_dist_7a8122d0._.js:3117:31)\n[ERROR] Failed to load resource: net::ERR_EMPTY_RESPONSE (at http://localhost:3000/__nextjs_font/geist-latin.woff2:0:0)",
    "testType": "FRONTEND",
    "createFrom": "mcp",
    "testVisualization": "https://testsprite-videos.s3.us-east-1.amazonaws.com/c478e428-3051-70f4-f122-6f4e22b5117a/1765186010343139//tmp/test_task/result.webm",
    "created": "2025-12-08T09:22:23.373Z",
    "modified": "2025-12-08T09:26:50.464Z"
  },
  {
    "projectId": "acd3f9c4-0691-4075-bc0d-c9f51cd86396",
    "testId": "8cb6368c-82ae-48f9-bdf3-c6b94620ab2b",
    "userId": "c478e428-3051-70f4-f122-6f4e22b5117a",
    "title": "TC007-Server-Side Contact Form Input Validation Rejects Invalid Data",
    "description": "Verify that the POST API endpoint validates all fields according to rules and returns HTTP 400 for invalid input.",
    "code": "import asyncio\nfrom playwright import async_api\nfrom playwright.async_api import expect\n\nasync def run_test():\n    pw = None\n    browser = None\n    context = None\n    \n    try:\n        # Start a Playwright session in asynchronous mode\n        pw = await async_api.async_playwright().start()\n        \n        # Launch a Chromium browser in headless mode with custom arguments\n        browser = await pw.chromium.launch(\n            headless=True,\n            args=[\n                \"--window-size=1280,720\",         # Set the browser window size\n                \"--disable-dev-shm-usage\",        # Avoid using /dev/shm which can cause issues in containers\n                \"--ipc=host\",                     # Use host-level IPC for better stability\n                \"--single-process\"                # Run the browser in a single process mode\n            ],\n        )\n        \n        # Create a new browser context (like an incognito window)\n        context = await browser.new_context()\n        context.set_default_timeout(5000)\n        \n        # Open a new page in the browser context\n        page = await context.new_page()\n        \n        # Navigate to your target URL and wait until the network request is committed\n        await page.goto(\"http://localhost:3000\", wait_until=\"commit\", timeout=10000)\n        \n        # Wait for the main page to reach DOMContentLoaded state (optional for stability)\n        try:\n            await page.wait_for_load_state(\"domcontentloaded\", timeout=3000)\n        except async_api.Error:\n            pass\n        \n        # Iterate through all iframes and wait for them to load as well\n        for frame in page.frames:\n            try:\n                await frame.wait_for_load_state(\"domcontentloaded\", timeout=3000)\n            except async_api.Error:\n                pass\n        \n        # Interact with the page elements to simulate user flow\n        # -> Send POST request to /api/contact with invalid Name (e.g., 1 character) to verify HTTP 400 response.\n        await page.goto('http://localhost:3000/api/contact', timeout=10000)\n        await asyncio.sleep(3)\n        \n\n        # --> Assertions to verify final state\n        try:\n            await expect(page.locator('text=Validation Passed Successfully').first).to_be_visible(timeout=5000)\n        except AssertionError:\n            raise AssertionError('Test case failed: The POST API endpoint did not validate all fields correctly and did not return HTTP 400 for invalid input as expected.')\n        await asyncio.sleep(5)\n    \n    finally:\n        if context:\n            await context.close()\n        if browser:\n            await browser.close()\n        if pw:\n            await pw.stop()\n            \nasyncio.run(run_test())\n    ",
    "testStatus": "FAILED",
    "testError": "The API endpoint page failed to load in the browser, showing a chrome error page. Since the endpoint is not accessible via browser navigation, I will proceed to test the POST /api/contact API validation by sending direct POST requests with invalid inputs programmatically. Starting with invalid Name (1 character) to verify the server returns HTTP 400 with validation error as required.\nBrowser Console Logs:\n[WARNING] [GroupMarkerNotSet(crbug.com/242999)!:A0183B008C2A0000]Automatic fallback to software WebGL has been deprecated. Please use the --enable-unsafe-swiftshader flag to opt in to lower security guarantees for trusted content. (at http://localhost:3000/:0:0)\n[WARNING] [.WebGL-0x2a8c02236900]GL Driver Message (OpenGL, Performance, GL_CLOSE_PATH_NV, High): GPU stall due to ReadPixels (at http://localhost:3000/:0:0)\n[WARNING] [.WebGL-0x2a8c02236900]GL Driver Message (OpenGL, Performance, GL_CLOSE_PATH_NV, High): GPU stall due to ReadPixels (at http://localhost:3000/:0:0)\n[WARNING] [.WebGL-0x2a8c02236900]GL Driver Message (OpenGL, Performance, GL_CLOSE_PATH_NV, High): GPU stall due to ReadPixels (at http://localhost:3000/:0:0)\n[WARNING] [.WebGL-0x2a8c02236900]GL Driver Message (OpenGL, Performance, GL_CLOSE_PATH_NV, High): GPU stall due to ReadPixels (this message will no longer repeat) (at http://localhost:3000/:0:0)",
    "testType": "FRONTEND",
    "createFrom": "mcp",
    "testVisualization": "https://testsprite-videos.s3.us-east-1.amazonaws.com/c478e428-3051-70f4-f122-6f4e22b5117a/1765185908627147//tmp/test_task/result.webm",
    "created": "2025-12-08T09:22:23.378Z",
    "modified": "2025-12-08T09:25:08.758Z"
  },
  {
    "projectId": "acd3f9c4-0691-4075-bc0d-c9f51cd86396",
    "testId": "4d7a7dd2-e488-48fb-b4a4-c289e442e607",
    "userId": "c478e428-3051-70f4-f122-6f4e22b5117a",
    "title": "TC008-Server-Side Contact Form API Success Response and Data Storage",
    "description": "Verify that the server correctly stores valid contact message data in Supabase and returns HTTP 201 on successful POST.",
    "code": "import asyncio\nfrom playwright import async_api\nfrom playwright.async_api import expect\n\nasync def run_test():\n    pw = None\n    browser = None\n    context = None\n    \n    try:\n        # Start a Playwright session in asynchronous mode\n        pw = await async_api.async_playwright().start()\n        \n        # Launch a Chromium browser in headless mode with custom arguments\n        browser = await pw.chromium.launch(\n            headless=True,\n            args=[\n                \"--window-size=1280,720\",         # Set the browser window size\n                \"--disable-dev-shm-usage\",        # Avoid using /dev/shm which can cause issues in containers\n                \"--ipc=host\",                     # Use host-level IPC for better stability\n                \"--single-process\"                # Run the browser in a single process mode\n            ],\n        )\n        \n        # Create a new browser context (like an incognito window)\n        context = await browser.new_context()\n        context.set_default_timeout(5000)\n        \n        # Open a new page in the browser context\n        page = await context.new_page()\n        \n        # Navigate to your target URL and wait until the network request is committed\n        await page.goto(\"http://localhost:3000\", wait_until=\"commit\", timeout=10000)\n        \n        # Wait for the main page to reach DOMContentLoaded state (optional for stability)\n        try:\n            await page.wait_for_load_state(\"domcontentloaded\", timeout=3000)\n        except async_api.Error:\n            pass\n        \n        # Iterate through all iframes and wait for them to load as well\n        for frame in page.frames:\n            try:\n                await frame.wait_for_load_state(\"domcontentloaded\", timeout=3000)\n            except async_api.Error:\n                pass\n        \n        # Interact with the page elements to simulate user flow\n        # --> Assertions to verify final state\n        try:\n            await expect(page.locator('text=Contact message stored successfully').first).to_be_visible(timeout=30000)\n        except AssertionError:\n            raise AssertionError('Test case failed: The server did not respond with HTTP 201 or store the contact message correctly in Supabase as expected.')\n        await asyncio.sleep(5)\n    \n    finally:\n        if context:\n            await context.close()\n        if browser:\n            await browser.close()\n        if pw:\n            await pw.stop()\n            \nasyncio.run(run_test())\n    ",
    "testStatus": "FAILED",
    "testError": "Cannot navigate to API endpoint /api/contact directly in browser. Will send POST request programmatically to test server response and data storage.\nBrowser Console Logs:\n[WARNING] [GroupMarkerNotSet(crbug.com/242999)!:A0183C007C180000]Automatic fallback to software WebGL has been deprecated. Please use the --enable-unsafe-swiftshader flag to opt in to lower security guarantees for trusted content. (at http://localhost:3000/:0:0)\n[WARNING] [.WebGL-0x187c00cdf600]GL Driver Message (OpenGL, Performance, GL_CLOSE_PATH_NV, High): GPU stall due to ReadPixels (at http://localhost:3000/:0:0)\n[WARNING] [.WebGL-0x187c00cdf600]GL Driver Message (OpenGL, Performance, GL_CLOSE_PATH_NV, High): GPU stall due to ReadPixels (at http://localhost:3000/:0:0)\n[WARNING] [.WebGL-0x187c00cdf600]GL Driver Message (OpenGL, Performance, GL_CLOSE_PATH_NV, High): GPU stall due to ReadPixels (at http://localhost:3000/:0:0)\n[WARNING] [.WebGL-0x187c00cdf600]GL Driver Message (OpenGL, Performance, GL_CLOSE_PATH_NV, High): GPU stall due to ReadPixels (this message will no longer repeat) (at http://localhost:3000/:0:0)",
    "testType": "FRONTEND",
    "createFrom": "mcp",
    "testVisualization": "https://testsprite-videos.s3.us-east-1.amazonaws.com/c478e428-3051-70f4-f122-6f4e22b5117a/1765185907380966//tmp/test_task/result.webm",
    "created": "2025-12-08T09:22:23.384Z",
    "modified": "2025-12-08T09:25:07.516Z"
  },
  {
    "projectId": "acd3f9c4-0691-4075-bc0d-c9f51cd86396",
    "testId": "06bd9b6b-bbbc-491f-bfe2-c0b3e133b628",
    "userId": "c478e428-3051-70f4-f122-6f4e22b5117a",
    "title": "TC009-Supabase Environment Variables Load and Application Startup Fails When Missing",
    "description": "Verify that the application does not start if required Supabase environment variables are missing and shows clear error messages.",
    "code": "import asyncio\nfrom playwright import async_api\nfrom playwright.async_api import expect\n\nasync def run_test():\n    pw = None\n    browser = None\n    context = None\n    \n    try:\n        # Start a Playwright session in asynchronous mode\n        pw = await async_api.async_playwright().start()\n        \n        # Launch a Chromium browser in headless mode with custom arguments\n        browser = await pw.chromium.launch(\n            headless=True,\n            args=[\n                \"--window-size=1280,720\",         # Set the browser window size\n                \"--disable-dev-shm-usage\",        # Avoid using /dev/shm which can cause issues in containers\n                \"--ipc=host\",                     # Use host-level IPC for better stability\n                \"--single-process\"                # Run the browser in a single process mode\n            ],\n        )\n        \n        # Create a new browser context (like an incognito window)\n        context = await browser.new_context()\n        context.set_default_timeout(5000)\n        \n        # Open a new page in the browser context\n        page = await context.new_page()\n        \n        # Navigate to your target URL and wait until the network request is committed\n        await page.goto(\"http://localhost:3000\", wait_until=\"commit\", timeout=10000)\n        \n        # Wait for the main page to reach DOMContentLoaded state (optional for stability)\n        try:\n            await page.wait_for_load_state(\"domcontentloaded\", timeout=3000)\n        except async_api.Error:\n            pass\n        \n        # Iterate through all iframes and wait for them to load as well\n        for frame in page.frames:\n            try:\n                await frame.wait_for_load_state(\"domcontentloaded\", timeout=3000)\n            except async_api.Error:\n                pass\n        \n        # Interact with the page elements to simulate user flow\n        # -> Remove or unset a required Supabase environment variable and attempt to start the application to verify error message.\n        await page.goto('http://localhost:3000/admin', timeout=10000)\n        await asyncio.sleep(3)\n        \n\n        # -> Go back to home page to find a way to simulate missing Supabase environment variables and start the application.\n        frame = context.pages[-1]\n        # Click Go Home button to return to home page\n        elem = frame.locator('xpath=html/body/div[2]/div/div[2]/a/button').nth(0)\n        await page.wait_for_timeout(3000); await elem.click(timeout=5000)\n        \n\n        # --> Assertions to verify final state\n        frame = context.pages[-1]\n        try:\n            await expect(frame.locator('text=Supabase connection established successfully').first).to_be_visible(timeout=5000)\n        except AssertionError:\n            raise AssertionError('Test failed: The application did not show the expected error message for missing Supabase environment variables and incorrectly started or showed a success message.')\n        await asyncio.sleep(5)\n    \n    finally:\n        if context:\n            await context.close()\n        if browser:\n            await browser.close()\n        if pw:\n            await pw.stop()\n            \nasyncio.run(run_test())\n    ",
    "testStatus": "FAILED",
    "testError": "Testing stopped due to persistent 404 errors preventing access to application pages. Cannot verify Supabase environment variable error handling.\nBrowser Console Logs:\n[WARNING] [GroupMarkerNotSet(crbug.com/242999)!:A0983A00EC190000]Automatic fallback to software WebGL has been deprecated. Please use the --enable-unsafe-swiftshader flag to opt in to lower security guarantees for trusted content. (at http://localhost:3000/:0:0)\n[WARNING] [.WebGL-0x19ec0221e900]GL Driver Message (OpenGL, Performance, GL_CLOSE_PATH_NV, High): GPU stall due to ReadPixels (at http://localhost:3000/:0:0)\n[WARNING] [.WebGL-0x19ec0221e900]GL Driver Message (OpenGL, Performance, GL_CLOSE_PATH_NV, High): GPU stall due to ReadPixels (at http://localhost:3000/:0:0)\n[WARNING] [.WebGL-0x19ec0221e900]GL Driver Message (OpenGL, Performance, GL_CLOSE_PATH_NV, High): GPU stall due to ReadPixels (at http://localhost:3000/:0:0)\n[WARNING] [.WebGL-0x19ec0221e900]GL Driver Message (OpenGL, Performance, GL_CLOSE_PATH_NV, High): GPU stall due to ReadPixels (this message will no longer repeat) (at http://localhost:3000/:0:0)\n[ERROR] Failed to load resource: the server responded with a status of 404 (Not Found) (at http://localhost:3000/admin:0:0)\n[ERROR] Failed to load resource: net::ERR_EMPTY_RESPONSE (at http://localhost:3000/__nextjs_font/geist-latin.woff2:0:0)\n[ERROR] Failed to load resource: net::ERR_EMPTY_RESPONSE (at http://localhost:3000/?_rsc=1e9w2:0:0)\n[ERROR] Failed to fetch RSC payload for http://localhost:3000/. Falling back to browser navigation. TypeError: Failed to fetch\n    at createFetch (http://localhost:3000/_next/static/chunks/node_modules_next_dist_client_aaee43fe._.js:2552:24)\n    at fetchServerResponse (http://localhost:3000/_next/static/chunks/node_modules_next_dist_client_aaee43fe._.js:2456:27)\n    at navigateDynamicallyWithNoPrefetch (http://localhost:3000/_next/static/chunks/node_modules_next_dist_client_aaee43fe._.js:7605:90)\n    at navigate (http://localhost:3000/_next/static/chunks/node_modules_next_dist_client_aaee43fe._.js:7424:15)\n    at navigateReducer (http://localhost:3000/_next/static/chunks/node_modules_next_dist_client_aaee43fe._.js:7900:45)\n    at clientReducer (http://localhost:3000/_next/static/chunks/node_modules_next_dist_client_aaee43fe._.js:12246:61)\n    at Object.action (http://localhost:3000/_next/static/chunks/node_modules_next_dist_client_aaee43fe._.js:12492:55)\n    at runAction (http://localhost:3000/_next/static/chunks/node_modules_next_dist_client_aaee43fe._.js:12397:38)\n    at dispatchAction (http://localhost:3000/_next/static/chunks/node_modules_next_dist_client_aaee43fe._.js:12460:9)\n    at Object.dispatch (http://localhost:3000/_next/static/chunks/node_modules_next_dist_client_aaee43fe._.js:12490:40)\n    at http://localhost:3000/_next/static/chunks/node_modules_next_dist_client_aaee43fe._.js:1442:29\n    at startTransition (http://localhost:3000/_next/static/chunks/node_modules_next_dist_compiled_react-dom_1e674e59._.js:5494:31)\n    at dispatch (http://localhost:3000/_next/static/chunks/node_modules_next_dist_client_aaee43fe._.js:1441:13)\n    at dispatchAppRouterAction (http://localhost:3000/_next/static/chunks/node_modules_next_dist_client_aaee43fe._.js:1423:5)\n    at dispatchNavigateAction (http://localhost:3000/_next/static/chunks/node_modules_next_dist_client_aaee43fe._.js:12544:49)\n    at http://localhost:3000/_next/static/chunks/node_modules_6272974d._.js:617:13\n    at Object.startTransition (http://localhost:3000/_next/static/chunks/node_modules_next_dist_compiled_a0e4c7b4._.js:1279:31)\n    at linkClicked (http://localhost:3000/_next/static/chunks/node_modules_6272974d._.js:616:24)\n    at onClick (http://localhost:3000/_next/static/chunks/node_modules_6272974d._.js:857:13)\n    at executeDispatch (http://localhost:3000/_next/static/chunks/node_modules_next_dist_compiled_react-dom_1e674e59._.js:10308:13)\n    at runWithFiberInDEV (http://localhost:3000/_next/static/chunks/node_modules_next_dist_compiled_react-dom_1e674e59._.js:959:74)\n    at processDispatchQueue (http://localhost:3000/_next/static/chunks/node_modules_next_dist_compiled_react-dom_1e674e59._.js:10334:41)\n    at http://localhost:3000/_next/static/chunks/node_modules_next_dist_compiled_react-dom_1e674e59._.js:10609:13\n    at batchedUpdates$1 (http://localhost:3000/_next/static/chunks/node_modules_next_dist_compiled_react-dom_1e674e59._.js:2247:44)\n    at dispatchEventForPluginEventSystem (http://localhost:3000/_next/static/chunks/node_modules_next_dist_compiled_react-dom_1e674e59._.js:10410:9)\n    at dispatchEvent (http://localhost:3000/_next/static/chunks/node_modules_next_dist_compiled_react-dom_1e674e59._.js:12925:37)\n    at dispatchDiscreteEvent (http://localhost:3000/_next/static/chunks/node_modules_next_dist_compiled_react-dom_1e674e59._.js:12907:64) (at http://localhost:3000/_next/static/chunks/node_modules_next_dist_7a8122d0._.js:3117:31)",
    "testType": "FRONTEND",
    "createFrom": "mcp",
    "testVisualization": "https://testsprite-videos.s3.us-east-1.amazonaws.com/c478e428-3051-70f4-f122-6f4e22b5117a/1765185983871615//tmp/test_task/result.webm",
    "created": "2025-12-08T09:22:23.390Z",
    "modified": "2025-12-08T09:26:24.009Z"
  },
  {
    "projectId": "acd3f9c4-0691-4075-bc0d-c9f51cd86396",
    "testId": "6934d708-1268-470d-a703-a4a0d32b64b4",
    "userId": "c478e428-3051-70f4-f122-6f4e22b5117a",
    "title": "TC010-Supabase Row Level Security (RLS) Policies Enforce Correct Permissions",
    "description": "Verify that anonymous users can INSERT into contact_messages but cannot SELECT, and authorized admin users can SELECT messages.",
    "code": "import asyncio\nfrom playwright import async_api\nfrom playwright.async_api import expect\n\nasync def run_test():\n    pw = None\n    browser = None\n    context = None\n    \n    try:\n        # Start a Playwright session in asynchronous mode\n        pw = await async_api.async_playwright().start()\n        \n        # Launch a Chromium browser in headless mode with custom arguments\n        browser = await pw.chromium.launch(\n            headless=True,\n            args=[\n                \"--window-size=1280,720\",         # Set the browser window size\n                \"--disable-dev-shm-usage\",        # Avoid using /dev/shm which can cause issues in containers\n                \"--ipc=host\",                     # Use host-level IPC for better stability\n                \"--single-process\"                # Run the browser in a single process mode\n            ],\n        )\n        \n        # Create a new browser context (like an incognito window)\n        context = await browser.new_context()\n        context.set_default_timeout(5000)\n        \n        # Open a new page in the browser context\n        page = await context.new_page()\n        \n        # Navigate to your target URL and wait until the network request is committed\n        await page.goto(\"http://localhost:3000\", wait_until=\"commit\", timeout=10000)\n        \n        # Wait for the main page to reach DOMContentLoaded state (optional for stability)\n        try:\n            await page.wait_for_load_state(\"domcontentloaded\", timeout=3000)\n        except async_api.Error:\n            pass\n        \n        # Iterate through all iframes and wait for them to load as well\n        for frame in page.frames:\n            try:\n                await frame.wait_for_load_state(\"domcontentloaded\", timeout=3000)\n            except async_api.Error:\n                pass\n        \n        # Interact with the page elements to simulate user flow\n        # -> Click on the 'Contact' link to open the contact form for anonymous message submission.\n        frame = context.pages[-1]\n        # Click on 'Contact' link to open contact form for anonymous message submission\n        elem = frame.locator('xpath=html/body/main/nav/div/div/a[5]').nth(0)\n        await page.wait_for_timeout(3000); await elem.click(timeout=5000)\n        \n\n        # --> Assertions to verify final state\n        frame = context.pages[-1]\n        try:\n            await expect(frame.locator('text=Unauthorized access to contact messages').first).to_be_visible(timeout=1000)\n        except AssertionError:\n            raise AssertionError(\"Test case failed: Anonymous users should not be able to SELECT from contact_messages, but the SELECT operation was not denied as expected.\")\n        await asyncio.sleep(5)\n    \n    finally:\n        if context:\n            await context.close()\n        if browser:\n            await browser.close()\n        if pw:\n            await pw.stop()\n            \nasyncio.run(run_test())\n    ",
    "testStatus": "FAILED",
    "testError": "Testing stopped due to navigation failure to contact form. Cannot verify anonymous INSERT or SELECT permissions. Please fix the broken link or page load issue.\nBrowser Console Logs:\n[WARNING] [GroupMarkerNotSet(crbug.com/242999)!:A0843B00E42E0000]Automatic fallback to software WebGL has been deprecated. Please use the --enable-unsafe-swiftshader flag to opt in to lower security guarantees for trusted content. (at http://localhost:3000/:0:0)\n[WARNING] [.WebGL-0x2ee400d1ef80]GL Driver Message (OpenGL, Performance, GL_CLOSE_PATH_NV, High): GPU stall due to ReadPixels (at http://localhost:3000/:0:0)\n[WARNING] [.WebGL-0x2ee400d1ef80]GL Driver Message (OpenGL, Performance, GL_CLOSE_PATH_NV, High): GPU stall due to ReadPixels (at http://localhost:3000/:0:0)\n[WARNING] [.WebGL-0x2ee400d1ef80]GL Driver Message (OpenGL, Performance, GL_CLOSE_PATH_NV, High): GPU stall due to ReadPixels (at http://localhost:3000/:0:0)\n[WARNING] [.WebGL-0x2ee400d1ef80]GL Driver Message (OpenGL, Performance, GL_CLOSE_PATH_NV, High): GPU stall due to ReadPixels (this message will no longer repeat) (at http://localhost:3000/:0:0)\n[ERROR] Failed to load resource: net::ERR_EMPTY_RESPONSE (at http://localhost:3000/contact?_rsc=vusbg:0:0)\n[ERROR] Failed to fetch RSC payload for http://localhost:3000/contact. Falling back to browser navigation. TypeError: Failed to fetch\n    at createFetch (http://localhost:3000/_next/static/chunks/node_modules_next_dist_client_aaee43fe._.js:2552:24)\n    at fetchServerResponse (http://localhost:3000/_next/static/chunks/node_modules_next_dist_client_aaee43fe._.js:2456:27)\n    at navigateDynamicallyWithNoPrefetch (http://localhost:3000/_next/static/chunks/node_modules_next_dist_client_aaee43fe._.js:7605:90)\n    at navigate (http://localhost:3000/_next/static/chunks/node_modules_next_dist_client_aaee43fe._.js:7424:15)\n    at navigateReducer (http://localhost:3000/_next/static/chunks/node_modules_next_dist_client_aaee43fe._.js:7900:45)\n    at clientReducer (http://localhost:3000/_next/static/chunks/node_modules_next_dist_client_aaee43fe._.js:12246:61)\n    at Object.action (http://localhost:3000/_next/static/chunks/node_modules_next_dist_client_aaee43fe._.js:12492:55)\n    at runAction (http://localhost:3000/_next/static/chunks/node_modules_next_dist_client_aaee43fe._.js:12397:38)\n    at dispatchAction (http://localhost:3000/_next/static/chunks/node_modules_next_dist_client_aaee43fe._.js:12460:9)\n    at Object.dispatch (http://localhost:3000/_next/static/chunks/node_modules_next_dist_client_aaee43fe._.js:12490:40)\n    at http://localhost:3000/_next/static/chunks/node_modules_next_dist_client_aaee43fe._.js:1442:29\n    at startTransition (http://localhost:3000/_next/static/chunks/node_modules_next_dist_compiled_react-dom_1e674e59._.js:5494:31)\n    at dispatch (http://localhost:3000/_next/static/chunks/node_modules_next_dist_client_aaee43fe._.js:1441:13)\n    at dispatchAppRouterAction (http://localhost:3000/_next/static/chunks/node_modules_next_dist_client_aaee43fe._.js:1423:5)\n    at dispatchNavigateAction (http://localhost:3000/_next/static/chunks/node_modules_next_dist_client_aaee43fe._.js:12544:49)\n    at http://localhost:3000/_next/static/chunks/node_modules_6272974d._.js:617:13\n    at Object.startTransition (http://localhost:3000/_next/static/chunks/node_modules_next_dist_compiled_a0e4c7b4._.js:1279:31)\n    at linkClicked (http://localhost:3000/_next/static/chunks/node_modules_6272974d._.js:616:24)\n    at onClick (http://localhost:3000/_next/static/chunks/node_modules_6272974d._.js:857:13)\n    at executeDispatch (http://localhost:3000/_next/static/chunks/node_modules_next_dist_compiled_react-dom_1e674e59._.js:10308:13)\n    at runWithFiberInDEV (http://localhost:3000/_next/static/chunks/node_modules_next_dist_compiled_react-dom_1e674e59._.js:959:74)\n    at processDispatchQueue (http://localhost:3000/_next/static/chunks/node_modules_next_dist_compiled_react-dom_1e674e59._.js:10334:41)\n    at http://localhost:3000/_next/static/chunks/node_modules_next_dist_compiled_react-dom_1e674e59._.js:10609:13\n    at batchedUpdates$1 (http://localhost:3000/_next/static/chunks/node_modules_next_dist_compiled_react-dom_1e674e59._.js:2247:44)\n    at dispatchEventForPluginEventSystem (http://localhost:3000/_next/static/chunks/node_modules_next_dist_compiled_react-dom_1e674e59._.js:10410:9)\n    at dispatchEvent (http://localhost:3000/_next/static/chunks/node_modules_next_dist_compiled_react-dom_1e674e59._.js:12925:37)\n    at dispatchDiscreteEvent (http://localhost:3000/_next/static/chunks/node_modules_next_dist_compiled_react-dom_1e674e59._.js:12907:64)\n    at eval (eval at evaluate (:234:30), <anonymous>:1:12)\n    at UtilityScript.evaluate (<anonymous>:241:19)\n    at UtilityScript.<anonymous> (<anonymous>:1:44) (at http://localhost:3000/_next/static/chunks/node_modules_next_dist_7a8122d0._.js:3117:31)\n[ERROR] Failed to load resource: net::ERR_EMPTY_RESPONSE (at http://localhost:3000/__nextjs_font/geist-latin.woff2:0:0)",
    "testType": "FRONTEND",
    "createFrom": "mcp",
    "testVisualization": "https://testsprite-videos.s3.us-east-1.amazonaws.com/c478e428-3051-70f4-f122-6f4e22b5117a/1765186008600317//tmp/test_task/result.webm",
    "created": "2025-12-08T09:22:23.395Z",
    "modified": "2025-12-08T09:26:48.740Z"
  },
  {
    "projectId": "acd3f9c4-0691-4075-bc0d-c9f51cd86396",
    "testId": "28f42c3c-e6da-4ed7-b119-4c961e0a1a34",
    "userId": "c478e428-3051-70f4-f122-6f4e22b5117a",
    "title": "TC011-GET API Endpoint Returns Recent Contact Messages Only for Authorized Users",
    "description": "Verify that the GET /api/contact returns a list of recent messages when called with valid admin authorization and denies unauthorized requests.",
    "code": "import asyncio\nfrom playwright import async_api\nfrom playwright.async_api import expect\n\nasync def run_test():\n    pw = None\n    browser = None\n    context = None\n    \n    try:\n        # Start a Playwright session in asynchronous mode\n        pw = await async_api.async_playwright().start()\n        \n        # Launch a Chromium browser in headless mode with custom arguments\n        browser = await pw.chromium.launch(\n            headless=True,\n            args=[\n                \"--window-size=1280,720\",         # Set the browser window size\n                \"--disable-dev-shm-usage\",        # Avoid using /dev/shm which can cause issues in containers\n                \"--ipc=host\",                     # Use host-level IPC for better stability\n                \"--single-process\"                # Run the browser in a single process mode\n            ],\n        )\n        \n        # Create a new browser context (like an incognito window)\n        context = await browser.new_context()\n        context.set_default_timeout(5000)\n        \n        # Open a new page in the browser context\n        page = await context.new_page()\n        \n        # Navigate to your target URL and wait until the network request is committed\n        await page.goto(\"http://localhost:3000\", wait_until=\"commit\", timeout=10000)\n        \n        # Wait for the main page to reach DOMContentLoaded state (optional for stability)\n        try:\n            await page.wait_for_load_state(\"domcontentloaded\", timeout=3000)\n        except async_api.Error:\n            pass\n        \n        # Iterate through all iframes and wait for them to load as well\n        for frame in page.frames:\n            try:\n                await frame.wait_for_load_state(\"domcontentloaded\", timeout=3000)\n            except async_api.Error:\n                pass\n        \n        # Interact with the page elements to simulate user flow\n        # -> Send GET request to /api/contact without authorization.\n        await page.goto('http://localhost:3000/api/contact', timeout=10000)\n        await asyncio.sleep(3)\n        \n\n        # --> Assertions to verify final state\n        try:\n            await expect(page.locator('text=Access Granted: List of Recent Messages').first).to_be_visible(timeout=1000)\n        except AssertionError:\n            raise AssertionError('Test case failed: The GET /api/contact endpoint did not return the expected list of recent messages with valid admin authorization or did not deny unauthorized requests as required by the test plan.')\n        await asyncio.sleep(5)\n    \n    finally:\n        if context:\n            await context.close()\n        if browser:\n            await browser.close()\n        if pw:\n            await pw.stop()\n            \nasyncio.run(run_test())\n    ",
    "testStatus": "FAILED",
    "testError": "The GET /api/contact endpoint was tested without authorization and did not deny access as expected, indicating a potential backend misconfiguration. Attempts to test with valid admin authorization failed due to the local server or API endpoint being unreachable, resulting in navigation errors. The task could not be fully completed due to these connectivity issues. Please verify that the local server hosting the API is running and accessible, then retry the tests.\nBrowser Console Logs:\n[WARNING] [GroupMarkerNotSet(crbug.com/242999)!:A080D900DC310000]Automatic fallback to software WebGL has been deprecated. Please use the --enable-unsafe-swiftshader flag to opt in to lower security guarantees for trusted content. (at http://localhost:3000/:0:0)\n[WARNING] [.WebGL-0x31dc01c0e280]GL Driver Message (OpenGL, Performance, GL_CLOSE_PATH_NV, High): GPU stall due to ReadPixels (at http://localhost:3000/:0:0)\n[WARNING] [.WebGL-0x31dc01c0e280]GL Driver Message (OpenGL, Performance, GL_CLOSE_PATH_NV, High): GPU stall due to ReadPixels (at http://localhost:3000/:0:0)\n[WARNING] [.WebGL-0x31dc01c0e280]GL Driver Message (OpenGL, Performance, GL_CLOSE_PATH_NV, High): GPU stall due to ReadPixels (at http://localhost:3000/:0:0)\n[WARNING] [.WebGL-0x31dc01c0e280]GL Driver Message (OpenGL, Performance, GL_CLOSE_PATH_NV, High): GPU stall due to ReadPixels (this message will no longer repeat) (at http://localhost:3000/:0:0)",
    "testType": "FRONTEND",
    "createFrom": "mcp",
    "testVisualization": "https://testsprite-videos.s3.us-east-1.amazonaws.com/c478e428-3051-70f4-f122-6f4e22b5117a/1765186031731932//tmp/test_task/result.webm",
    "created": "2025-12-08T09:22:23.401Z",
    "modified": "2025-12-08T09:27:11.851Z"
  },
  {
    "projectId": "acd3f9c4-0691-4075-bc0d-c9f51cd86396",
    "testId": "4a8ed020-c878-49f5-a5e8-16d878b2c480",
    "userId": "c478e428-3051-70f4-f122-6f4e22b5117a",
    "title": "TC012-Display Toast Notifications for Success and Error States on Contact Form",
    "description": "Verify that after form submission, appropriate success or error toast notifications are displayed, and loading states are shown during submission.",
    "code": "import asyncio\nfrom playwright import async_api\nfrom playwright.async_api import expect\n\nasync def run_test():\n    pw = None\n    browser = None\n    context = None\n    \n    try:\n        # Start a Playwright session in asynchronous mode\n        pw = await async_api.async_playwright().start()\n        \n        # Launch a Chromium browser in headless mode with custom arguments\n        browser = await pw.chromium.launch(\n            headless=True,\n            args=[\n                \"--window-size=1280,720\",         # Set the browser window size\n                \"--disable-dev-shm-usage\",        # Avoid using /dev/shm which can cause issues in containers\n                \"--ipc=host\",                     # Use host-level IPC for better stability\n                \"--single-process\"                # Run the browser in a single process mode\n            ],\n        )\n        \n        # Create a new browser context (like an incognito window)\n        context = await browser.new_context()\n        context.set_default_timeout(5000)\n        \n        # Open a new page in the browser context\n        page = await context.new_page()\n        \n        # Navigate to your target URL and wait until the network request is committed\n        await page.goto(\"http://localhost:3000\", wait_until=\"commit\", timeout=10000)\n        \n        # Wait for the main page to reach DOMContentLoaded state (optional for stability)\n        try:\n            await page.wait_for_load_state(\"domcontentloaded\", timeout=3000)\n        except async_api.Error:\n            pass\n        \n        # Iterate through all iframes and wait for them to load as well\n        for frame in page.frames:\n            try:\n                await frame.wait_for_load_state(\"domcontentloaded\", timeout=3000)\n            except async_api.Error:\n                pass\n        \n        # Interact with the page elements to simulate user flow\n        # -> Click on the 'Contact' link to open the Contact form.\n        frame = context.pages[-1]\n        # Click on the 'Contact' link in the navigation to open the Contact form.\n        elem = frame.locator('xpath=html/body/main/nav/div/div/a[5]').nth(0)\n        await page.wait_for_timeout(3000); await elem.click(timeout=5000)\n        \n\n        # --> Assertions to verify final state\n        frame = context.pages[-1]\n        try:\n            await expect(frame.locator('text=Form submission successful!')).to_be_visible(timeout=30000)\n        except AssertionError:\n            raise AssertionError(\"Test case failed: The expected success or error toast notifications and loading states were not displayed after form submission as per the test plan.\")\n        await asyncio.sleep(5)\n    \n    finally:\n        if context:\n            await context.close()\n        if browser:\n            await browser.close()\n        if pw:\n            await pw.stop()\n            \nasyncio.run(run_test())\n    ",
    "testStatus": "FAILED",
    "testError": "The website is currently not functioning correctly. Clicking the 'Contact' button leads to a browser error page, preventing access to the Contact form. Therefore, I cannot proceed with the form submission and notification tests. Please fix the website issue and try again.\nBrowser Console Logs:\n[WARNING] [GroupMarkerNotSet(crbug.com/242999)!:A0C0D600041F0000]Automatic fallback to software WebGL has been deprecated. Please use the --enable-unsafe-swiftshader flag to opt in to lower security guarantees for trusted content. (at http://localhost:3000/:0:0)\n[WARNING] [.WebGL-0x1f0401c25c00]GL Driver Message (OpenGL, Performance, GL_CLOSE_PATH_NV, High): GPU stall due to ReadPixels (at http://localhost:3000/:0:0)\n[WARNING] [.WebGL-0x1f0401c25c00]GL Driver Message (OpenGL, Performance, GL_CLOSE_PATH_NV, High): GPU stall due to ReadPixels (at http://localhost:3000/:0:0)\n[WARNING] [.WebGL-0x1f0401c25c00]GL Driver Message (OpenGL, Performance, GL_CLOSE_PATH_NV, High): GPU stall due to ReadPixels (at http://localhost:3000/:0:0)\n[WARNING] [.WebGL-0x1f0401c25c00]GL Driver Message (OpenGL, Performance, GL_CLOSE_PATH_NV, High): GPU stall due to ReadPixels (this message will no longer repeat) (at http://localhost:3000/:0:0)\n[ERROR] Failed to load resource: net::ERR_EMPTY_RESPONSE (at http://localhost:3000/__nextjs_font/geist-latin.woff2:0:0)\n[ERROR] Failed to load resource: net::ERR_EMPTY_RESPONSE (at http://localhost:3000/contact?_rsc=vusbg:0:0)\n[ERROR] Failed to fetch RSC payload for http://localhost:3000/contact. Falling back to browser navigation. TypeError: Failed to fetch\n    at createFetch (http://localhost:3000/_next/static/chunks/node_modules_next_dist_client_aaee43fe._.js:2552:24)\n    at fetchServerResponse (http://localhost:3000/_next/static/chunks/node_modules_next_dist_client_aaee43fe._.js:2456:27)\n    at navigateDynamicallyWithNoPrefetch (http://localhost:3000/_next/static/chunks/node_modules_next_dist_client_aaee43fe._.js:7605:90)\n    at navigate (http://localhost:3000/_next/static/chunks/node_modules_next_dist_client_aaee43fe._.js:7424:15)\n    at navigateReducer (http://localhost:3000/_next/static/chunks/node_modules_next_dist_client_aaee43fe._.js:7900:45)\n    at clientReducer (http://localhost:3000/_next/static/chunks/node_modules_next_dist_client_aaee43fe._.js:12246:61)\n    at Object.action (http://localhost:3000/_next/static/chunks/node_modules_next_dist_client_aaee43fe._.js:12492:55)\n    at runAction (http://localhost:3000/_next/static/chunks/node_modules_next_dist_client_aaee43fe._.js:12397:38)\n    at dispatchAction (http://localhost:3000/_next/static/chunks/node_modules_next_dist_client_aaee43fe._.js:12460:9)\n    at Object.dispatch (http://localhost:3000/_next/static/chunks/node_modules_next_dist_client_aaee43fe._.js:12490:40)\n    at http://localhost:3000/_next/static/chunks/node_modules_next_dist_client_aaee43fe._.js:1442:29\n    at startTransition (http://localhost:3000/_next/static/chunks/node_modules_next_dist_compiled_react-dom_1e674e59._.js:5494:31)\n    at dispatch (http://localhost:3000/_next/static/chunks/node_modules_next_dist_client_aaee43fe._.js:1441:13)\n    at dispatchAppRouterAction (http://localhost:3000/_next/static/chunks/node_modules_next_dist_client_aaee43fe._.js:1423:5)\n    at dispatchNavigateAction (http://localhost:3000/_next/static/chunks/node_modules_next_dist_client_aaee43fe._.js:12544:49)\n    at http://localhost:3000/_next/static/chunks/node_modules_6272974d._.js:617:13\n    at Object.startTransition (http://localhost:3000/_next/static/chunks/node_modules_next_dist_compiled_a0e4c7b4._.js:1279:31)\n    at linkClicked (http://localhost:3000/_next/static/chunks/node_modules_6272974d._.js:616:24)\n    at onClick (http://localhost:3000/_next/static/chunks/node_modules_6272974d._.js:857:13)\n    at executeDispatch (http://localhost:3000/_next/static/chunks/node_modules_next_dist_compiled_react-dom_1e674e59._.js:10308:13)\n    at runWithFiberInDEV (http://localhost:3000/_next/static/chunks/node_modules_next_dist_compiled_react-dom_1e674e59._.js:959:74)\n    at processDispatchQueue (http://localhost:3000/_next/static/chunks/node_modules_next_dist_compiled_react-dom_1e674e59._.js:10334:41)\n    at http://localhost:3000/_next/static/chunks/node_modules_next_dist_compiled_react-dom_1e674e59._.js:10609:13\n    at batchedUpdates$1 (http://localhost:3000/_next/static/chunks/node_modules_next_dist_compiled_react-dom_1e674e59._.js:2247:44)\n    at dispatchEventForPluginEventSystem (http://localhost:3000/_next/static/chunks/node_modules_next_dist_compiled_react-dom_1e674e59._.js:10410:9)\n    at dispatchEvent (http://localhost:3000/_next/static/chunks/node_modules_next_dist_compiled_react-dom_1e674e59._.js:12925:37)\n    at dispatchDiscreteEvent (http://localhost:3000/_next/static/chunks/node_modules_next_dist_compiled_react-dom_1e674e59._.js:12907:64)\n    at eval (eval at evaluate (:234:30), <anonymous>:1:12)\n    at UtilityScript.evaluate (<anonymous>:241:19)\n    at UtilityScript.<anonymous> (<anonymous>:1:44) (at http://localhost:3000/_next/static/chunks/node_modules_next_dist_7a8122d0._.js:3117:31)",
    "testType": "FRONTEND",
    "createFrom": "mcp",
    "testVisualization": "https://testsprite-videos.s3.us-east-1.amazonaws.com/c478e428-3051-70f4-f122-6f4e22b5117a/1765186042240065//tmp/test_task/result.webm",
    "created": "2025-12-08T09:22:23.406Z",
    "modified": "2025-12-08T09:27:22.391Z"
  },
  {
    "projectId": "acd3f9c4-0691-4075-bc0d-c9f51cd86396",
    "testId": "0e3632e7-2728-4f3e-8333-f117bffdae3c",
    "userId": "c478e428-3051-70f4-f122-6f4e22b5117a",
    "title": "TC013-Responsive Navbar Displays Correctly Across Devices",
    "description": "Verify navbar and mobile menu render and function correctly on desktop, tablet, and mobile screen sizes with scroll and active route highlight.",
    "code": "import asyncio\nfrom playwright import async_api\nfrom playwright.async_api import expect\n\nasync def run_test():\n    pw = None\n    browser = None\n    context = None\n    \n    try:\n        # Start a Playwright session in asynchronous mode\n        pw = await async_api.async_playwright().start()\n        \n        # Launch a Chromium browser in headless mode with custom arguments\n        browser = await pw.chromium.launch(\n            headless=True,\n            args=[\n                \"--window-size=1280,720\",         # Set the browser window size\n                \"--disable-dev-shm-usage\",        # Avoid using /dev/shm which can cause issues in containers\n                \"--ipc=host\",                     # Use host-level IPC for better stability\n                \"--single-process\"                # Run the browser in a single process mode\n            ],\n        )\n        \n        # Create a new browser context (like an incognito window)\n        context = await browser.new_context()\n        context.set_default_timeout(5000)\n        \n        # Open a new page in the browser context\n        page = await context.new_page()\n        \n        # Navigate to your target URL and wait until the network request is committed\n        await page.goto(\"http://localhost:3000\", wait_until=\"commit\", timeout=10000)\n        \n        # Wait for the main page to reach DOMContentLoaded state (optional for stability)\n        try:\n            await page.wait_for_load_state(\"domcontentloaded\", timeout=3000)\n        except async_api.Error:\n            pass\n        \n        # Iterate through all iframes and wait for them to load as well\n        for frame in page.frames:\n            try:\n                await frame.wait_for_load_state(\"domcontentloaded\", timeout=3000)\n            except async_api.Error:\n                pass\n        \n        # Interact with the page elements to simulate user flow\n        # -> Resize browser to tablet size and verify navbar adapts.\n        frame = context.pages[-1]\n        # Click on logo to ensure focus on navbar before resizing\n        elem = frame.locator('xpath=html/body/main/nav/div/a').nth(0)\n        await page.wait_for_timeout(3000); await elem.click(timeout=5000)\n        \n\n        await page.goto('http://localhost:3000/', timeout=10000)\n        await asyncio.sleep(3)\n        \n\n        await page.mouse.wheel(0, 100)\n        \n\n        # -> Resize browser to tablet size and verify navbar adapts and mobile menu toggles properly.\n        await page.goto('http://localhost:3000/', timeout=10000)\n        await asyncio.sleep(3)\n        \n\n        await page.mouse.wheel(0, 100)\n        \n\n        frame = context.pages[-1]\n        # Click logo to ensure focus before resizing\n        elem = frame.locator('xpath=html/body/main/nav/div/a').nth(0)\n        await page.wait_for_timeout(3000); await elem.click(timeout=5000)\n        \n\n        # --> Assertions to verify final state\n        frame = context.pages[-1]\n        try:\n            await expect(frame.locator('text=Navbar fully functional on all devices').first).to_be_visible(timeout=1000)\n        except AssertionError:\n            raise AssertionError('Test case failed: The navbar and mobile menu did not render or function correctly on desktop, tablet, and mobile screen sizes as per the test plan.')\n        await asyncio.sleep(5)\n    \n    finally:\n        if context:\n            await context.close()\n        if browser:\n            await browser.close()\n        if pw:\n            await pw.stop()\n            \nasyncio.run(run_test())\n    ",
    "testStatus": "FAILED",
    "testError": "\nBrowser Console Logs:\n[WARNING] [GroupMarkerNotSet(crbug.com/242999)!:A0983A00D4250000]Automatic fallback to software WebGL has been deprecated. Please use the --enable-unsafe-swiftshader flag to opt in to lower security guarantees for trusted content. (at http://localhost:3000/:0:0)\n[WARNING] [.WebGL-0x25d40220e900]GL Driver Message (OpenGL, Performance, GL_CLOSE_PATH_NV, High): GPU stall due to ReadPixels (at http://localhost:3000/:0:0)\n[WARNING] [.WebGL-0x25d40220e900]GL Driver Message (OpenGL, Performance, GL_CLOSE_PATH_NV, High): GPU stall due to ReadPixels (at http://localhost:3000/:0:0)\n[WARNING] [.WebGL-0x25d40220e900]GL Driver Message (OpenGL, Performance, GL_CLOSE_PATH_NV, High): GPU stall due to ReadPixels (at http://localhost:3000/:0:0)\n[WARNING] [.WebGL-0x25d40220e900]GL Driver Message (OpenGL, Performance, GL_CLOSE_PATH_NV, High): GPU stall due to ReadPixels (this message will no longer repeat) (at http://localhost:3000/:0:0)\n[ERROR] Failed to load resource: net::ERR_EMPTY_RESPONSE (at http://localhost:3000/__nextjs_font/geist-latin.woff2:0:0)\n[ERROR] WebSocket connection to 'ws://localhost:3000/_next/webpack-hmr?id=LhgtpvaKSnD8FNaXzlc5p' failed: Connection closed before receiving a handshake response (at http://localhost:3000/_next/static/chunks/node_modules_next_dist_client_aaee43fe._.js:10116:0)\n[WARNING] [GroupMarkerNotSet(crbug.com/242999)!:A0C43A00D4250000]Automatic fallback to software WebGL has been deprecated. Please use the --enable-unsafe-swiftshader flag to opt in to lower security guarantees for trusted content. (at http://localhost:3000/:0:0)\n[WARNING] [GroupMarkerNotSet(crbug.com/242999)!:A0983A00D4250000]Automatic fallback to software WebGL has been deprecated. Please use the --enable-unsafe-swiftshader flag to opt in to lower security guarantees for trusted content. (at http://localhost:3000/:0:0)\n[WARNING] [GroupMarkerNotSet(crbug.com/242999)!:A0983A00D4250000]Automatic fallback to software WebGL has been deprecated. Please use the --enable-unsafe-swiftshader flag to opt in to lower security guarantees for trusted content. (at http://localhost:3000/:0:0)",
    "testType": "FRONTEND",
    "createFrom": "mcp",
    "testVisualization": "https://testsprite-videos.s3.us-east-1.amazonaws.com/c478e428-3051-70f4-f122-6f4e22b5117a/1765186599362179//tmp/test_task/result.webm",
    "created": "2025-12-08T09:22:23.412Z",
    "modified": "2025-12-08T09:36:39.531Z"
  },
  {
    "projectId": "acd3f9c4-0691-4075-bc0d-c9f51cd86396",
    "testId": "f66d5a43-80b8-49f0-9437-9dfe8ef00ba6",
    "userId": "c478e428-3051-70f4-f122-6f4e22b5117a",
    "title": "TC014-Footer Displays Correctly with Links and Social Icons on All Device Sizes",
    "description": "Verify site footer renders with all useful links, social media icons, and copyright info correctly on desktop and mobile.",
    "code": "import asyncio\nfrom playwright import async_api\nfrom playwright.async_api import expect\n\nasync def run_test():\n    pw = None\n    browser = None\n    context = None\n    \n    try:\n        # Start a Playwright session in asynchronous mode\n        pw = await async_api.async_playwright().start()\n        \n        # Launch a Chromium browser in headless mode with custom arguments\n        browser = await pw.chromium.launch(\n            headless=True,\n            args=[\n                \"--window-size=1280,720\",         # Set the browser window size\n                \"--disable-dev-shm-usage\",        # Avoid using /dev/shm which can cause issues in containers\n                \"--ipc=host\",                     # Use host-level IPC for better stability\n                \"--single-process\"                # Run the browser in a single process mode\n            ],\n        )\n        \n        # Create a new browser context (like an incognito window)\n        context = await browser.new_context()\n        context.set_default_timeout(5000)\n        \n        # Open a new page in the browser context\n        page = await context.new_page()\n        \n        # Navigate to your target URL and wait until the network request is committed\n        await page.goto(\"http://localhost:3000\", wait_until=\"commit\", timeout=10000)\n        \n        # Wait for the main page to reach DOMContentLoaded state (optional for stability)\n        try:\n            await page.wait_for_load_state(\"domcontentloaded\", timeout=3000)\n        except async_api.Error:\n            pass\n        \n        # Iterate through all iframes and wait for them to load as well\n        for frame in page.frames:\n            try:\n                await frame.wait_for_load_state(\"domcontentloaded\", timeout=3000)\n            except async_api.Error:\n                pass\n        \n        # Interact with the page elements to simulate user flow\n        # -> Scroll down to the footer section on desktop view to verify all useful links, social media icons, and copyright info.\n        await page.mouse.wheel(0, 1000)\n        \n\n        # -> Reload the original site URL (http://localhost:3000) to recover from the error and then switch to mobile viewport for footer verification.\n        await page.goto('http://localhost:3000', timeout=10000)\n        await asyncio.sleep(3)\n        \n\n        # -> Switch to mobile viewport emulation and scroll down to footer for verification.\n        await page.mouse.wheel(0, 1000)\n        \n\n        # -> Switch to mobile viewport emulation and scroll to footer for verification.\n        await page.goto('http://localhost:3000/', timeout=10000)\n        await asyncio.sleep(3)\n        \n\n        # -> Switch to mobile viewport emulation and scroll down to footer for verification.\n        await page.mouse.wheel(0, 1000)\n        \n\n        # -> Emulate mobile viewport by resizing window or using device emulation, then scroll to footer and verify links, social media icons, and copyright info are visible and tappable.\n        await page.goto('http://localhost:3000/', timeout=10000)\n        await asyncio.sleep(3)\n        \n\n        # -> Emulate mobile viewport by resizing window or using device emulation, then scroll to footer and verify links, social media icons, and copyright info are visible and tappable.\n        await page.mouse.wheel(0, 5000)\n        \n\n        # --> Assertions to verify final state\n        frame = context.pages[-1]\n        await expect(frame.locator('text=Subscribe to our newsletter for updates.').first).to_be_visible(timeout=30000)\n        await expect(frame.locator('text= 2025 Zoku Fitness. All rights reserved.').first).to_be_visible(timeout=30000)\n        await expect(frame.locator('text=Designed for Excellence.').first).to_be_visible(timeout=30000)\n        await expect(frame.locator('text=Home').first).to_be_visible(timeout=30000)\n        await expect(frame.locator('text=About').first).to_be_visible(timeout=30000)\n        await expect(frame.locator('text=Classes').first).to_be_visible(timeout=30000)\n        await expect(frame.locator('text=Membership').first).to_be_visible(timeout=30000)\n        await expect(frame.locator('text=Contact').first).to_be_visible(timeout=30000)\n        await expect(frame.locator('text=Join Now').first).to_be_visible(timeout=30000)\n        await expect(frame.locator('text=FAQ').first).to_be_visible(timeout=30000)\n        await expect(frame.locator('text=Privacy Policy').first).to_be_visible(timeout=30000)\n        await expect(frame.locator('text=Terms of Service').first).to_be_visible(timeout=30000)\n        await asyncio.sleep(5)\n    \n    finally:\n        if context:\n            await context.close()\n        if browser:\n            await browser.close()\n        if pw:\n            await pw.stop()\n            \nasyncio.run(run_test())\n    ",
    "testStatus": "PASSED",
    "testError": "",
    "testType": "FRONTEND",
    "createFrom": "mcp",
    "testVisualization": "https://testsprite-videos.s3.us-east-1.amazonaws.com/c478e428-3051-70f4-f122-6f4e22b5117a/1765186592158032//tmp/test_task/result.webm",
    "created": "2025-12-08T09:22:23.418Z",
    "modified": "2025-12-08T09:36:32.286Z"
  },
  {
    "projectId": "acd3f9c4-0691-4075-bc0d-c9f51cd86396",
    "testId": "2304c76c-d872-46f8-8aec-a1ba018536f8",
    "userId": "c478e428-3051-70f4-f122-6f4e22b5117a",
    "title": "TC015-Membership Page Calendly Scheduling Integration Works Correctly",
    "description": "Verify that membership page displays pricing plans and embedded Calendly scheduling component functions correctly for booking consultations.",
    "code": "import asyncio\nfrom playwright import async_api\nfrom playwright.async_api import expect\n\nasync def run_test():\n    pw = None\n    browser = None\n    context = None\n    \n    try:\n        # Start a Playwright session in asynchronous mode\n        pw = await async_api.async_playwright().start()\n        \n        # Launch a Chromium browser in headless mode with custom arguments\n        browser = await pw.chromium.launch(\n            headless=True,\n            args=[\n                \"--window-size=1280,720\",         # Set the browser window size\n                \"--disable-dev-shm-usage\",        # Avoid using /dev/shm which can cause issues in containers\n                \"--ipc=host\",                     # Use host-level IPC for better stability\n                \"--single-process\"                # Run the browser in a single process mode\n            ],\n        )\n        \n        # Create a new browser context (like an incognito window)\n        context = await browser.new_context()\n        context.set_default_timeout(5000)\n        \n        # Open a new page in the browser context\n        page = await context.new_page()\n        \n        # Navigate to your target URL and wait until the network request is committed\n        await page.goto(\"http://localhost:3000\", wait_until=\"commit\", timeout=10000)\n        \n        # Wait for the main page to reach DOMContentLoaded state (optional for stability)\n        try:\n            await page.wait_for_load_state(\"domcontentloaded\", timeout=3000)\n        except async_api.Error:\n            pass\n        \n        # Iterate through all iframes and wait for them to load as well\n        for frame in page.frames:\n            try:\n                await frame.wait_for_load_state(\"domcontentloaded\", timeout=3000)\n            except async_api.Error:\n                pass\n        \n        # Interact with the page elements to simulate user flow\n        # -> Click on the Membership link in the navigation menu to go to the Membership page.\n        frame = context.pages[-1]\n        # Click on Membership link in the navigation menu\n        elem = frame.locator('xpath=html/body/main/nav/div/div/a[4]').nth(0)\n        await page.wait_for_timeout(3000); await elem.click(timeout=5000)\n        \n\n        # --> Assertions to verify final state\n        frame = context.pages[-1]\n        try:\n            await expect(frame.locator('text=Exclusive Platinum Diamond Plan')).to_be_visible(timeout=5000)\n        except AssertionError:\n            raise AssertionError('Test case failed: Membership page did not display the expected pricing plans or the embedded Calendly scheduling component did not function correctly for booking consultations.')\n        await asyncio.sleep(5)\n    \n    finally:\n        if context:\n            await context.close()\n        if browser:\n            await browser.close()\n        if pw:\n            await pw.stop()\n            \nasyncio.run(run_test())\n    ",
    "testStatus": "FAILED",
    "testError": "The Membership page could not be accessed because clicking the Membership link leads to a browser error page. Therefore, verification of pricing plans and the embedded Calendly scheduling component cannot be performed. Task stopped due to this critical navigation failure.\nBrowser Console Logs:\n[WARNING] [GroupMarkerNotSet(crbug.com/242999)!:A0C43A0074060000]Automatic fallback to software WebGL has been deprecated. Please use the --enable-unsafe-swiftshader flag to opt in to lower security guarantees for trusted content. (at http://localhost:3000/:0:0)\n[WARNING] [.WebGL-0x674021ce280]GL Driver Message (OpenGL, Performance, GL_CLOSE_PATH_NV, High): GPU stall due to ReadPixels (at http://localhost:3000/:0:0)\n[WARNING] [.WebGL-0x674021ce280]GL Driver Message (OpenGL, Performance, GL_CLOSE_PATH_NV, High): GPU stall due to ReadPixels (at http://localhost:3000/:0:0)\n[WARNING] [.WebGL-0x674021ce280]GL Driver Message (OpenGL, Performance, GL_CLOSE_PATH_NV, High): GPU stall due to ReadPixels (at http://localhost:3000/:0:0)\n[WARNING] [.WebGL-0x674021ce280]GL Driver Message (OpenGL, Performance, GL_CLOSE_PATH_NV, High): GPU stall due to ReadPixels (this message will no longer repeat) (at http://localhost:3000/:0:0)\n[ERROR] Failed to load resource: net::ERR_EMPTY_RESPONSE (at http://localhost:3000/membership?_rsc=vusbg:0:0)\n[ERROR] Failed to fetch RSC payload for http://localhost:3000/membership. Falling back to browser navigation. TypeError: Failed to fetch\n    at createFetch (http://localhost:3000/_next/static/chunks/node_modules_next_dist_client_aaee43fe._.js:2552:24)\n    at fetchServerResponse (http://localhost:3000/_next/static/chunks/node_modules_next_dist_client_aaee43fe._.js:2456:27)\n    at navigateDynamicallyWithNoPrefetch (http://localhost:3000/_next/static/chunks/node_modules_next_dist_client_aaee43fe._.js:7605:90)\n    at navigate (http://localhost:3000/_next/static/chunks/node_modules_next_dist_client_aaee43fe._.js:7424:15)\n    at navigateReducer (http://localhost:3000/_next/static/chunks/node_modules_next_dist_client_aaee43fe._.js:7900:45)\n    at clientReducer (http://localhost:3000/_next/static/chunks/node_modules_next_dist_client_aaee43fe._.js:12246:61)\n    at Object.action (http://localhost:3000/_next/static/chunks/node_modules_next_dist_client_aaee43fe._.js:12492:55)\n    at runAction (http://localhost:3000/_next/static/chunks/node_modules_next_dist_client_aaee43fe._.js:12397:38)\n    at dispatchAction (http://localhost:3000/_next/static/chunks/node_modules_next_dist_client_aaee43fe._.js:12460:9)\n    at Object.dispatch (http://localhost:3000/_next/static/chunks/node_modules_next_dist_client_aaee43fe._.js:12490:40)\n    at http://localhost:3000/_next/static/chunks/node_modules_next_dist_client_aaee43fe._.js:1442:29\n    at startTransition (http://localhost:3000/_next/static/chunks/node_modules_next_dist_compiled_react-dom_1e674e59._.js:5494:31)\n    at dispatch (http://localhost:3000/_next/static/chunks/node_modules_next_dist_client_aaee43fe._.js:1441:13)\n    at dispatchAppRouterAction (http://localhost:3000/_next/static/chunks/node_modules_next_dist_client_aaee43fe._.js:1423:5)\n    at dispatchNavigateAction (http://localhost:3000/_next/static/chunks/node_modules_next_dist_client_aaee43fe._.js:12544:49)\n    at http://localhost:3000/_next/static/chunks/node_modules_6272974d._.js:617:13\n    at Object.startTransition (http://localhost:3000/_next/static/chunks/node_modules_next_dist_compiled_a0e4c7b4._.js:1279:31)\n    at linkClicked (http://localhost:3000/_next/static/chunks/node_modules_6272974d._.js:616:24)\n    at onClick (http://localhost:3000/_next/static/chunks/node_modules_6272974d._.js:857:13)\n    at executeDispatch (http://localhost:3000/_next/static/chunks/node_modules_next_dist_compiled_react-dom_1e674e59._.js:10308:13)\n    at runWithFiberInDEV (http://localhost:3000/_next/static/chunks/node_modules_next_dist_compiled_react-dom_1e674e59._.js:959:74)\n    at processDispatchQueue (http://localhost:3000/_next/static/chunks/node_modules_next_dist_compiled_react-dom_1e674e59._.js:10334:41)\n    at http://localhost:3000/_next/static/chunks/node_modules_next_dist_compiled_react-dom_1e674e59._.js:10609:13\n    at batchedUpdates$1 (http://localhost:3000/_next/static/chunks/node_modules_next_dist_compiled_react-dom_1e674e59._.js:2247:44)\n    at dispatchEventForPluginEventSystem (http://localhost:3000/_next/static/chunks/node_modules_next_dist_compiled_react-dom_1e674e59._.js:10410:9)\n    at dispatchEvent (http://localhost:3000/_next/static/chunks/node_modules_next_dist_compiled_react-dom_1e674e59._.js:12925:37)\n    at dispatchDiscreteEvent (http://localhost:3000/_next/static/chunks/node_modules_next_dist_compiled_react-dom_1e674e59._.js:12907:64)\n    at eval (eval at evaluate (:234:30), <anonymous>:1:12)\n    at UtilityScript.evaluate (<anonymous>:241:19)\n    at UtilityScript.<anonymous> (<anonymous>:1:44) (at http://localhost:3000/_next/static/chunks/node_modules_next_dist_7a8122d0._.js:3117:31)\n[ERROR] Failed to load resource: net::ERR_EMPTY_RESPONSE (at http://localhost:3000/__nextjs_font/geist-latin.woff2:0:0)",
    "testType": "FRONTEND",
    "createFrom": "mcp",
    "testVisualization": "https://testsprite-videos.s3.us-east-1.amazonaws.com/c478e428-3051-70f4-f122-6f4e22b5117a/1765186010939143//tmp/test_task/result.webm",
    "created": "2025-12-08T09:22:23.423Z",
    "modified": "2025-12-08T09:26:51.068Z"
  },
  {
    "projectId": "acd3f9c4-0691-4075-bc0d-c9f51cd86396",
    "testId": "d9b265f3-cf46-40a9-9987-82c968be15eb",
    "userId": "c478e428-3051-70f4-f122-6f4e22b5117a",
    "title": "TC016-Home Page Components Render and Animate Correctly",
    "description": "Verify that home page sections (hero, about preview, classes preview, membership preview, contact preview) render correctly with animations and interactivity.",
    "code": "import asyncio\nfrom playwright import async_api\nfrom playwright.async_api import expect\n\nasync def run_test():\n    pw = None\n    browser = None\n    context = None\n    \n    try:\n        # Start a Playwright session in asynchronous mode\n        pw = await async_api.async_playwright().start()\n        \n        # Launch a Chromium browser in headless mode with custom arguments\n        browser = await pw.chromium.launch(\n            headless=True,\n            args=[\n                \"--window-size=1280,720\",         # Set the browser window size\n                \"--disable-dev-shm-usage\",        # Avoid using /dev/shm which can cause issues in containers\n                \"--ipc=host\",                     # Use host-level IPC for better stability\n                \"--single-process\"                # Run the browser in a single process mode\n            ],\n        )\n        \n        # Create a new browser context (like an incognito window)\n        context = await browser.new_context()\n        context.set_default_timeout(5000)\n        \n        # Open a new page in the browser context\n        page = await context.new_page()\n        \n        # Navigate to your target URL and wait until the network request is committed\n        await page.goto(\"http://localhost:3000\", wait_until=\"commit\", timeout=10000)\n        \n        # Wait for the main page to reach DOMContentLoaded state (optional for stability)\n        try:\n            await page.wait_for_load_state(\"domcontentloaded\", timeout=3000)\n        except async_api.Error:\n            pass\n        \n        # Iterate through all iframes and wait for them to load as well\n        for frame in page.frames:\n            try:\n                await frame.wait_for_load_state(\"domcontentloaded\", timeout=3000)\n            except async_api.Error:\n                pass\n        \n        # Interact with the page elements to simulate user flow\n        # -> Scroll down to reveal about preview section and verify its summary content.\n        await page.mouse.wheel(0, 600)\n        \n\n        # -> Scroll further to reveal classes preview section and verify its summary content.\n        await page.mouse.wheel(0, 600)\n        \n\n        # -> Scroll down to reveal membership preview section and verify its summary content.\n        await page.mouse.wheel(0, 600)\n        \n\n        # -> Scroll down further to reveal the contact preview section and verify its summary content and interactivity.\n        await page.mouse.wheel(0, 600)\n        \n\n        # -> Verify animations trigger correctly on scroll or entry for all sections.\n        await page.mouse.wheel(0, -1800)\n        \n\n        # -> Trigger and verify animations in the hero section by interacting or waiting for entry animations.\n        await page.mouse.wheel(0, 200)\n        \n\n        # -> Scroll down to about preview section and verify animations trigger correctly on entry.\n        await page.mouse.wheel(0, 400)\n        \n\n        # -> Scroll down to about preview section and verify animations trigger correctly on entry.\n        await page.mouse.wheel(0, 400)\n        \n\n        # -> Scroll down to classes preview section and verify animations trigger correctly on entry.\n        await page.mouse.wheel(0, 600)\n        \n\n        # -> Scroll down to classes preview section and verify animations trigger correctly on entry.\n        await page.mouse.wheel(0, 600)\n        \n\n        # --> Assertions to verify final state\n        frame = context.pages[-1]\n        await expect(frame.locator('text=Where vision meets reality, we shape the future of tomorrow').first).to_be_visible(timeout=30000)\n        await expect(frame.locator('text=Redefining Fitness').first).to_be_visible(timeout=30000)\n        await expect(frame.locator('text=At Zoku, we believe fitness is more than just a workoutit's a lifestyle. Our state-of-the-art facility combines cutting-edge technology with expert coaching to help you unlock your full potential.').first).to_be_visible(timeout=30000)\n        await expect(frame.locator('text=HIIT BURN').first).to_be_visible(timeout=30000)\n        await expect(frame.locator('text=High intensity interval training to torch calories.').first).to_be_visible(timeout=30000)\n        await expect(frame.locator('text=POWER YOGA').first).to_be_visible(timeout=30000)\n        await expect(frame.locator('text=Strength and flexibility combined in a flow.').first).to_be_visible(timeout=30000)\n        await expect(frame.locator('text=SPIN CYCLE').first).to_be_visible(timeout=30000)\n        await expect(frame.locator('text=Endurance cycling with high-energy beats.').first).to_be_visible(timeout=30000)\n        await expect(frame.locator('text=Unlock exclusive access to our premium facilities, expert trainers, and a community that supports your journey.').first).to_be_visible(timeout=30000)\n        await expect(frame.locator('text=Unlimited Class Access').first).to_be_visible(timeout=30000)\n        await expect(frame.locator('text=State-of-the-art Equipment').first).to_be_visible(timeout=30000)\n        await expect(frame.locator('text=Free Personal Training Session').first).to_be_visible(timeout=30000)\n        await expect(frame.locator('text=Sauna & Recovery Zone').first).to_be_visible(timeout=30000)\n        await expect(frame.locator('text=Ready to Start? Visit us today or get in touch to schedule your tour. Your transformation begins here.').first).to_be_visible(timeout=30000)\n        await expect(frame.locator('text=+1 (555) 123-4567').first).to_be_visible(timeout=30000)\n        await asyncio.sleep(5)\n    \n    finally:\n        if context:\n            await context.close()\n        if browser:\n            await browser.close()\n        if pw:\n            await pw.stop()\n            \nasyncio.run(run_test())\n    ",
    "testStatus": "PASSED",
    "testError": "",
    "testType": "FRONTEND",
    "createFrom": "mcp",
    "testVisualization": "https://testsprite-videos.s3.us-east-1.amazonaws.com/c478e428-3051-70f4-f122-6f4e22b5117a/1765186596027821//tmp/test_task/result.webm",
    "created": "2025-12-08T09:22:23.429Z",
    "modified": "2025-12-08T09:36:36.175Z"
  },
  {
    "projectId": "acd3f9c4-0691-4075-bc0d-c9f51cd86396",
    "testId": "67d0ae1d-af72-4d9b-a36e-3a1e07dfa66f",
    "userId": "c478e428-3051-70f4-f122-6f4e22b5117a",
    "title": "TC017-About Page Displays Trainer Profiles and Achievements",
    "description": "Verify About page renders gym info, trainer profiles, achievements, and listed workout types with correct data and layout.",
    "code": "import asyncio\nfrom playwright import async_api\nfrom playwright.async_api import expect\n\nasync def run_test():\n    pw = None\n    browser = None\n    context = None\n    \n    try:\n        # Start a Playwright session in asynchronous mode\n        pw = await async_api.async_playwright().start()\n        \n        # Launch a Chromium browser in headless mode with custom arguments\n        browser = await pw.chromium.launch(\n            headless=True,\n            args=[\n                \"--window-size=1280,720\",         # Set the browser window size\n                \"--disable-dev-shm-usage\",        # Avoid using /dev/shm which can cause issues in containers\n                \"--ipc=host\",                     # Use host-level IPC for better stability\n                \"--single-process\"                # Run the browser in a single process mode\n            ],\n        )\n        \n        # Create a new browser context (like an incognito window)\n        context = await browser.new_context()\n        context.set_default_timeout(5000)\n        \n        # Open a new page in the browser context\n        page = await context.new_page()\n        \n        # Navigate to your target URL and wait until the network request is committed\n        await page.goto(\"http://localhost:3000\", wait_until=\"commit\", timeout=10000)\n        \n        # Wait for the main page to reach DOMContentLoaded state (optional for stability)\n        try:\n            await page.wait_for_load_state(\"domcontentloaded\", timeout=3000)\n        except async_api.Error:\n            pass\n        \n        # Iterate through all iframes and wait for them to load as well\n        for frame in page.frames:\n            try:\n                await frame.wait_for_load_state(\"domcontentloaded\", timeout=3000)\n            except async_api.Error:\n                pass\n        \n        # Interact with the page elements to simulate user flow\n        # -> Click on the About page link to navigate to the About page.\n        frame = context.pages[-1]\n        # Click on the 'About' link in the navigation menu to go to the About page.\n        elem = frame.locator('xpath=html/body/main/nav/div/div/a[2]').nth(0)\n        await page.wait_for_timeout(3000); await elem.click(timeout=5000)\n        \n\n        # --> Assertions to verify final state\n        frame = context.pages[-1]\n        try:\n            await expect(frame.locator('text=Exclusive Gym Membership Benefits').first).to_be_visible(timeout=1000)\n        except AssertionError:\n            raise AssertionError('Test case failed: The About page did not render gym info, trainer profiles, achievements, or workout types as expected.')\n        await asyncio.sleep(5)\n    \n    finally:\n        if context:\n            await context.close()\n        if browser:\n            await browser.close()\n        if pw:\n            await pw.stop()\n            \nasyncio.run(run_test())\n    ",
    "testStatus": "FAILED",
    "testError": "The About page is not loading and leads to a browser error page. Verification of the About page content cannot proceed. The issue has been reported. Task stopped.\nBrowser Console Logs:\n[WARNING] [GroupMarkerNotSet(crbug.com/242999)!:A06CD80084210000]Automatic fallback to software WebGL has been deprecated. Please use the --enable-unsafe-swiftshader flag to opt in to lower security guarantees for trusted content. (at http://localhost:3000/:0:0)\n[WARNING] [.WebGL-0x218401c0d580]GL Driver Message (OpenGL, Performance, GL_CLOSE_PATH_NV, High): GPU stall due to ReadPixels (at http://localhost:3000/:0:0)\n[WARNING] [.WebGL-0x218401c0d580]GL Driver Message (OpenGL, Performance, GL_CLOSE_PATH_NV, High): GPU stall due to ReadPixels (at http://localhost:3000/:0:0)\n[WARNING] [.WebGL-0x218401c0d580]GL Driver Message (OpenGL, Performance, GL_CLOSE_PATH_NV, High): GPU stall due to ReadPixels (at http://localhost:3000/:0:0)\n[WARNING] [.WebGL-0x218401c0d580]GL Driver Message (OpenGL, Performance, GL_CLOSE_PATH_NV, High): GPU stall due to ReadPixels (this message will no longer repeat) (at http://localhost:3000/:0:0)\n[ERROR] Failed to load resource: net::ERR_EMPTY_RESPONSE (at http://localhost:3000/__nextjs_font/geist-latin.woff2:0:0)\n[ERROR] Failed to load resource: net::ERR_EMPTY_RESPONSE (at http://localhost:3000/about?_rsc=vusbg:0:0)\n[ERROR] Failed to fetch RSC payload for http://localhost:3000/about. Falling back to browser navigation. TypeError: Failed to fetch\n    at createFetch (http://localhost:3000/_next/static/chunks/node_modules_next_dist_client_aaee43fe._.js:2552:24)\n    at fetchServerResponse (http://localhost:3000/_next/static/chunks/node_modules_next_dist_client_aaee43fe._.js:2456:27)\n    at navigateDynamicallyWithNoPrefetch (http://localhost:3000/_next/static/chunks/node_modules_next_dist_client_aaee43fe._.js:7605:90)\n    at navigate (http://localhost:3000/_next/static/chunks/node_modules_next_dist_client_aaee43fe._.js:7424:15)\n    at navigateReducer (http://localhost:3000/_next/static/chunks/node_modules_next_dist_client_aaee43fe._.js:7900:45)\n    at clientReducer (http://localhost:3000/_next/static/chunks/node_modules_next_dist_client_aaee43fe._.js:12246:61)\n    at Object.action (http://localhost:3000/_next/static/chunks/node_modules_next_dist_client_aaee43fe._.js:12492:55)\n    at runAction (http://localhost:3000/_next/static/chunks/node_modules_next_dist_client_aaee43fe._.js:12397:38)\n    at dispatchAction (http://localhost:3000/_next/static/chunks/node_modules_next_dist_client_aaee43fe._.js:12460:9)\n    at Object.dispatch (http://localhost:3000/_next/static/chunks/node_modules_next_dist_client_aaee43fe._.js:12490:40)\n    at http://localhost:3000/_next/static/chunks/node_modules_next_dist_client_aaee43fe._.js:1442:29\n    at startTransition (http://localhost:3000/_next/static/chunks/node_modules_next_dist_compiled_react-dom_1e674e59._.js:5494:31)\n    at dispatch (http://localhost:3000/_next/static/chunks/node_modules_next_dist_client_aaee43fe._.js:1441:13)\n    at dispatchAppRouterAction (http://localhost:3000/_next/static/chunks/node_modules_next_dist_client_aaee43fe._.js:1423:5)\n    at dispatchNavigateAction (http://localhost:3000/_next/static/chunks/node_modules_next_dist_client_aaee43fe._.js:12544:49)\n    at http://localhost:3000/_next/static/chunks/node_modules_next_c5b46714._.js:617:13\n    at Object.startTransition (http://localhost:3000/_next/static/chunks/node_modules_next_dist_compiled_a0e4c7b4._.js:1279:31)\n    at linkClicked (http://localhost:3000/_next/static/chunks/node_modules_next_c5b46714._.js:616:24)\n    at onClick (http://localhost:3000/_next/static/chunks/node_modules_next_c5b46714._.js:857:13)\n    at executeDispatch (http://localhost:3000/_next/static/chunks/node_modules_next_dist_compiled_react-dom_1e674e59._.js:10308:13)\n    at runWithFiberInDEV (http://localhost:3000/_next/static/chunks/node_modules_next_dist_compiled_react-dom_1e674e59._.js:959:74)\n    at processDispatchQueue (http://localhost:3000/_next/static/chunks/node_modules_next_dist_compiled_react-dom_1e674e59._.js:10334:41)\n    at http://localhost:3000/_next/static/chunks/node_modules_next_dist_compiled_react-dom_1e674e59._.js:10609:13\n    at batchedUpdates$1 (http://localhost:3000/_next/static/chunks/node_modules_next_dist_compiled_react-dom_1e674e59._.js:2247:44)\n    at dispatchEventForPluginEventSystem (http://localhost:3000/_next/static/chunks/node_modules_next_dist_compiled_react-dom_1e674e59._.js:10410:9)\n    at dispatchEvent (http://localhost:3000/_next/static/chunks/node_modules_next_dist_compiled_react-dom_1e674e59._.js:12925:37)\n    at dispatchDiscreteEvent (http://localhost:3000/_next/static/chunks/node_modules_next_dist_compiled_react-dom_1e674e59._.js:12907:64)\n    at eval (eval at evaluate (:234:30), <anonymous>:1:12)\n    at UtilityScript.evaluate (<anonymous>:241:19)\n    at UtilityScript.<anonymous> (<anonymous>:1:44) (at http://localhost:3000/_next/static/chunks/node_modules_next_dist_7a8122d0._.js:3117:31)",
    "testType": "FRONTEND",
    "createFrom": "mcp",
    "testVisualization": "https://testsprite-videos.s3.us-east-1.amazonaws.com/c478e428-3051-70f4-f122-6f4e22b5117a/1765186053073396//tmp/test_task/result.webm",
    "created": "2025-12-08T09:22:23.434Z",
    "modified": "2025-12-08T09:27:33.236Z"
  },
  {
    "projectId": "acd3f9c4-0691-4075-bc0d-c9f51cd86396",
    "testId": "310915c7-9008-4fc3-ae23-a27182bae54c",
    "userId": "c478e428-3051-70f4-f122-6f4e22b5117a",
    "title": "TC018-Classes Page Displays Fitness Class Descriptions and Images",
    "description": "Verify that the classes page shows all fitness classes with proper descriptions, images, and related content with carousel if applicable.",
    "code": "import asyncio\nfrom playwright import async_api\nfrom playwright.async_api import expect\n\nasync def run_test():\n    pw = None\n    browser = None\n    context = None\n    \n    try:\n        # Start a Playwright session in asynchronous mode\n        pw = await async_api.async_playwright().start()\n        \n        # Launch a Chromium browser in headless mode with custom arguments\n        browser = await pw.chromium.launch(\n            headless=True,\n            args=[\n                \"--window-size=1280,720\",         # Set the browser window size\n                \"--disable-dev-shm-usage\",        # Avoid using /dev/shm which can cause issues in containers\n                \"--ipc=host\",                     # Use host-level IPC for better stability\n                \"--single-process\"                # Run the browser in a single process mode\n            ],\n        )\n        \n        # Create a new browser context (like an incognito window)\n        context = await browser.new_context()\n        context.set_default_timeout(5000)\n        \n        # Open a new page in the browser context\n        page = await context.new_page()\n        \n        # Navigate to your target URL and wait until the network request is committed\n        await page.goto(\"http://localhost:3000\", wait_until=\"commit\", timeout=10000)\n        \n        # Wait for the main page to reach DOMContentLoaded state (optional for stability)\n        try:\n            await page.wait_for_load_state(\"domcontentloaded\", timeout=3000)\n        except async_api.Error:\n            pass\n        \n        # Iterate through all iframes and wait for them to load as well\n        for frame in page.frames:\n            try:\n                await frame.wait_for_load_state(\"domcontentloaded\", timeout=3000)\n            except async_api.Error:\n                pass\n        \n        # Interact with the page elements to simulate user flow\n        # -> Click on the 'Classes' link to navigate to the Classes page.\n        frame = context.pages[-1]\n        # Click on the 'Classes' link in the navigation menu to go to the Classes page.\n        elem = frame.locator('xpath=html/body/main/nav/div/div/a[3]').nth(0)\n        await page.wait_for_timeout(3000); await elem.click(timeout=5000)\n        \n\n        # --> Assertions to verify final state\n        frame = context.pages[-1]\n        try:\n            await expect(frame.locator('text=Exclusive Zoku Dance Marathon').first).to_be_visible(timeout=30000)\n        except AssertionError:\n            raise AssertionError(\"Test case failed: The Classes page did not display all fitness classes with proper descriptions, images, or carousel functionality as expected.\")\n        await asyncio.sleep(5)\n    \n    finally:\n        if context:\n            await context.close()\n        if browser:\n            await browser.close()\n        if pw:\n            await pw.stop()\n            \nasyncio.run(run_test())\n    ",
    "testStatus": "FAILED",
    "testError": "Navigation to the Classes page failed with a browser error page. Unable to verify classes content as requested. Reporting the issue and stopping further testing.\nBrowser Console Logs:\n[WARNING] [GroupMarkerNotSet(crbug.com/242999)!:A0D83A00D41A0000]Automatic fallback to software WebGL has been deprecated. Please use the --enable-unsafe-swiftshader flag to opt in to lower security guarantees for trusted content. (at http://localhost:3000/:0:0)\n[WARNING] [.WebGL-0x1ad40012fc80]GL Driver Message (OpenGL, Performance, GL_CLOSE_PATH_NV, High): GPU stall due to ReadPixels (at http://localhost:3000/:0:0)\n[WARNING] [.WebGL-0x1ad40012fc80]GL Driver Message (OpenGL, Performance, GL_CLOSE_PATH_NV, High): GPU stall due to ReadPixels (at http://localhost:3000/:0:0)\n[WARNING] [.WebGL-0x1ad40012fc80]GL Driver Message (OpenGL, Performance, GL_CLOSE_PATH_NV, High): GPU stall due to ReadPixels (at http://localhost:3000/:0:0)\n[WARNING] [.WebGL-0x1ad40012fc80]GL Driver Message (OpenGL, Performance, GL_CLOSE_PATH_NV, High): GPU stall due to ReadPixels (this message will no longer repeat) (at http://localhost:3000/:0:0)\n[ERROR] Failed to load resource: net::ERR_EMPTY_RESPONSE (at http://localhost:3000/__nextjs_font/geist-latin.woff2:0:0)\n[ERROR] Failed to load resource: net::ERR_EMPTY_RESPONSE (at http://localhost:3000/classes?_rsc=vusbg:0:0)\n[ERROR] Failed to fetch RSC payload for http://localhost:3000/classes. Falling back to browser navigation. TypeError: Failed to fetch\n    at createFetch (http://localhost:3000/_next/static/chunks/node_modules_next_dist_client_aaee43fe._.js:2552:24)\n    at fetchServerResponse (http://localhost:3000/_next/static/chunks/node_modules_next_dist_client_aaee43fe._.js:2456:27)\n    at navigateDynamicallyWithNoPrefetch (http://localhost:3000/_next/static/chunks/node_modules_next_dist_client_aaee43fe._.js:7605:90)\n    at navigate (http://localhost:3000/_next/static/chunks/node_modules_next_dist_client_aaee43fe._.js:7424:15)\n    at navigateReducer (http://localhost:3000/_next/static/chunks/node_modules_next_dist_client_aaee43fe._.js:7900:45)\n    at clientReducer (http://localhost:3000/_next/static/chunks/node_modules_next_dist_client_aaee43fe._.js:12246:61)\n    at Object.action (http://localhost:3000/_next/static/chunks/node_modules_next_dist_client_aaee43fe._.js:12492:55)\n    at runAction (http://localhost:3000/_next/static/chunks/node_modules_next_dist_client_aaee43fe._.js:12397:38)\n    at dispatchAction (http://localhost:3000/_next/static/chunks/node_modules_next_dist_client_aaee43fe._.js:12460:9)\n    at Object.dispatch (http://localhost:3000/_next/static/chunks/node_modules_next_dist_client_aaee43fe._.js:12490:40)\n    at http://localhost:3000/_next/static/chunks/node_modules_next_dist_client_aaee43fe._.js:1442:29\n    at startTransition (http://localhost:3000/_next/static/chunks/node_modules_next_dist_compiled_react-dom_1e674e59._.js:5494:31)\n    at dispatch (http://localhost:3000/_next/static/chunks/node_modules_next_dist_client_aaee43fe._.js:1441:13)\n    at dispatchAppRouterAction (http://localhost:3000/_next/static/chunks/node_modules_next_dist_client_aaee43fe._.js:1423:5)\n    at dispatchNavigateAction (http://localhost:3000/_next/static/chunks/node_modules_next_dist_client_aaee43fe._.js:12544:49)\n    at http://localhost:3000/_next/static/chunks/node_modules_6272974d._.js:617:13\n    at Object.startTransition (http://localhost:3000/_next/static/chunks/node_modules_next_dist_compiled_a0e4c7b4._.js:1279:31)\n    at linkClicked (http://localhost:3000/_next/static/chunks/node_modules_6272974d._.js:616:24)\n    at onClick (http://localhost:3000/_next/static/chunks/node_modules_6272974d._.js:857:13)\n    at executeDispatch (http://localhost:3000/_next/static/chunks/node_modules_next_dist_compiled_react-dom_1e674e59._.js:10308:13)\n    at runWithFiberInDEV (http://localhost:3000/_next/static/chunks/node_modules_next_dist_compiled_react-dom_1e674e59._.js:959:74)\n    at processDispatchQueue (http://localhost:3000/_next/static/chunks/node_modules_next_dist_compiled_react-dom_1e674e59._.js:10334:41)\n    at http://localhost:3000/_next/static/chunks/node_modules_next_dist_compiled_react-dom_1e674e59._.js:10609:13\n    at batchedUpdates$1 (http://localhost:3000/_next/static/chunks/node_modules_next_dist_compiled_react-dom_1e674e59._.js:2247:44)\n    at dispatchEventForPluginEventSystem (http://localhost:3000/_next/static/chunks/node_modules_next_dist_compiled_react-dom_1e674e59._.js:10410:9)\n    at dispatchEvent (http://localhost:3000/_next/static/chunks/node_modules_next_dist_compiled_react-dom_1e674e59._.js:12925:37)\n    at dispatchDiscreteEvent (http://localhost:3000/_next/static/chunks/node_modules_next_dist_compiled_react-dom_1e674e59._.js:12907:64)\n    at eval (eval at evaluate (:234:30), <anonymous>:1:12)\n    at UtilityScript.evaluate (<anonymous>:241:19)\n    at UtilityScript.<anonymous> (<anonymous>:1:44) (at http://localhost:3000/_next/static/chunks/node_modules_next_dist_7a8122d0._.js:3117:31)",
    "testType": "FRONTEND",
    "createFrom": "mcp",
    "testVisualization": "https://testsprite-videos.s3.us-east-1.amazonaws.com/c478e428-3051-70f4-f122-6f4e22b5117a/1765186050851485//tmp/test_task/result.webm",
    "created": "2025-12-08T09:22:23.441Z",
    "modified": "2025-12-08T09:27:31.001Z"
  },
  {
    "projectId": "acd3f9c4-0691-4075-bc0d-c9f51cd86396",
    "testId": "2a3817bd-f1d5-44c1-ba7a-5cf32c70a2a8",
    "userId": "c478e428-3051-70f4-f122-6f4e22b5117a",
    "title": "TC019-Contact Page Calendly Scheduling Link Works and Form Validation is Real-Time",
    "description": "Verify contact page displays Calendly scheduling link and that the contact form validates inputs in real-time as user types.",
    "code": "import asyncio\nfrom playwright import async_api\nfrom playwright.async_api import expect\n\nasync def run_test():\n    pw = None\n    browser = None\n    context = None\n    \n    try:\n        # Start a Playwright session in asynchronous mode\n        pw = await async_api.async_playwright().start()\n        \n        # Launch a Chromium browser in headless mode with custom arguments\n        browser = await pw.chromium.launch(\n            headless=True,\n            args=[\n                \"--window-size=1280,720\",         # Set the browser window size\n                \"--disable-dev-shm-usage\",        # Avoid using /dev/shm which can cause issues in containers\n                \"--ipc=host\",                     # Use host-level IPC for better stability\n                \"--single-process\"                # Run the browser in a single process mode\n            ],\n        )\n        \n        # Create a new browser context (like an incognito window)\n        context = await browser.new_context()\n        context.set_default_timeout(5000)\n        \n        # Open a new page in the browser context\n        page = await context.new_page()\n        \n        # Navigate to your target URL and wait until the network request is committed\n        await page.goto(\"http://localhost:3000\", wait_until=\"commit\", timeout=10000)\n        \n        # Wait for the main page to reach DOMContentLoaded state (optional for stability)\n        try:\n            await page.wait_for_load_state(\"domcontentloaded\", timeout=3000)\n        except async_api.Error:\n            pass\n        \n        # Iterate through all iframes and wait for them to load as well\n        for frame in page.frames:\n            try:\n                await frame.wait_for_load_state(\"domcontentloaded\", timeout=3000)\n            except async_api.Error:\n                pass\n        \n        # Interact with the page elements to simulate user flow\n        # -> Click on the Contact page link to navigate to the Contact page.\n        frame = context.pages[-1]\n        # Click on the Contact page link in the top navigation bar.\n        elem = frame.locator('xpath=html/body/main/nav/div/div/a[5]').nth(0)\n        await page.wait_for_timeout(3000); await elem.click(timeout=5000)\n        \n\n        # --> Assertions to verify final state\n        frame = context.pages[-1]\n        try:\n            await expect(frame.locator('text=Schedule your free consultation now!').first).to_be_visible(timeout=1000)\n        except AssertionError:\n            raise AssertionError(\"Test case failed: The Calendly scheduling link is not visible or clickable on the Contact page, or the contact form validation does not update in real-time as required by the test plan.\")\n        await asyncio.sleep(5)\n    \n    finally:\n        if context:\n            await context.close()\n        if browser:\n            await browser.close()\n        if pw:\n            await pw.stop()\n            \nasyncio.run(run_test())\n    ",
    "testStatus": "FAILED",
    "testError": "The Contact page link is broken and leads to a browser error page. Unable to proceed with verification of Calendly scheduling link and contact form validation. Please fix the navigation issue to continue testing.\nBrowser Console Logs:\n[WARNING] [GroupMarkerNotSet(crbug.com/242999)!:A0C43A0064060000]Automatic fallback to software WebGL has been deprecated. Please use the --enable-unsafe-swiftshader flag to opt in to lower security guarantees for trusted content. (at http://localhost:3000/:0:0)\n[WARNING] [.WebGL-0x66401c0e080]GL Driver Message (OpenGL, Performance, GL_CLOSE_PATH_NV, High): GPU stall due to ReadPixels (at http://localhost:3000/:0:0)\n[WARNING] [.WebGL-0x66401c0e080]GL Driver Message (OpenGL, Performance, GL_CLOSE_PATH_NV, High): GPU stall due to ReadPixels (at http://localhost:3000/:0:0)\n[WARNING] [.WebGL-0x66401c0e080]GL Driver Message (OpenGL, Performance, GL_CLOSE_PATH_NV, High): GPU stall due to ReadPixels (at http://localhost:3000/:0:0)\n[WARNING] [.WebGL-0x66401c0e080]GL Driver Message (OpenGL, Performance, GL_CLOSE_PATH_NV, High): GPU stall due to ReadPixels (this message will no longer repeat) (at http://localhost:3000/:0:0)\n[ERROR] Failed to load resource: net::ERR_EMPTY_RESPONSE (at http://localhost:3000/__nextjs_font/geist-latin.woff2:0:0)\n[ERROR] Failed to load resource: net::ERR_EMPTY_RESPONSE (at http://localhost:3000/contact?_rsc=vusbg:0:0)\n[ERROR] Failed to fetch RSC payload for http://localhost:3000/contact. Falling back to browser navigation. TypeError: Failed to fetch\n    at createFetch (http://localhost:3000/_next/static/chunks/node_modules_next_dist_client_aaee43fe._.js:2552:24)\n    at fetchServerResponse (http://localhost:3000/_next/static/chunks/node_modules_next_dist_client_aaee43fe._.js:2456:27)\n    at navigateDynamicallyWithNoPrefetch (http://localhost:3000/_next/static/chunks/node_modules_next_dist_client_aaee43fe._.js:7605:90)\n    at navigate (http://localhost:3000/_next/static/chunks/node_modules_next_dist_client_aaee43fe._.js:7424:15)\n    at navigateReducer (http://localhost:3000/_next/static/chunks/node_modules_next_dist_client_aaee43fe._.js:7900:45)\n    at clientReducer (http://localhost:3000/_next/static/chunks/node_modules_next_dist_client_aaee43fe._.js:12246:61)\n    at Object.action (http://localhost:3000/_next/static/chunks/node_modules_next_dist_client_aaee43fe._.js:12492:55)\n    at runAction (http://localhost:3000/_next/static/chunks/node_modules_next_dist_client_aaee43fe._.js:12397:38)\n    at dispatchAction (http://localhost:3000/_next/static/chunks/node_modules_next_dist_client_aaee43fe._.js:12460:9)\n    at Object.dispatch (http://localhost:3000/_next/static/chunks/node_modules_next_dist_client_aaee43fe._.js:12490:40)\n    at http://localhost:3000/_next/static/chunks/node_modules_next_dist_client_aaee43fe._.js:1442:29\n    at startTransition (http://localhost:3000/_next/static/chunks/node_modules_next_dist_compiled_react-dom_1e674e59._.js:5494:31)\n    at dispatch (http://localhost:3000/_next/static/chunks/node_modules_next_dist_client_aaee43fe._.js:1441:13)\n    at dispatchAppRouterAction (http://localhost:3000/_next/static/chunks/node_modules_next_dist_client_aaee43fe._.js:1423:5)\n    at dispatchNavigateAction (http://localhost:3000/_next/static/chunks/node_modules_next_dist_client_aaee43fe._.js:12544:49)\n    at http://localhost:3000/_next/static/chunks/node_modules_6272974d._.js:617:13\n    at Object.startTransition (http://localhost:3000/_next/static/chunks/node_modules_next_dist_compiled_a0e4c7b4._.js:1279:31)\n    at linkClicked (http://localhost:3000/_next/static/chunks/node_modules_6272974d._.js:616:24)\n    at onClick (http://localhost:3000/_next/static/chunks/node_modules_6272974d._.js:857:13)\n    at executeDispatch (http://localhost:3000/_next/static/chunks/node_modules_next_dist_compiled_react-dom_1e674e59._.js:10308:13)\n    at runWithFiberInDEV (http://localhost:3000/_next/static/chunks/node_modules_next_dist_compiled_react-dom_1e674e59._.js:959:74)\n    at processDispatchQueue (http://localhost:3000/_next/static/chunks/node_modules_next_dist_compiled_react-dom_1e674e59._.js:10334:41)\n    at http://localhost:3000/_next/static/chunks/node_modules_next_dist_compiled_react-dom_1e674e59._.js:10609:13\n    at batchedUpdates$1 (http://localhost:3000/_next/static/chunks/node_modules_next_dist_compiled_react-dom_1e674e59._.js:2247:44)\n    at dispatchEventForPluginEventSystem (http://localhost:3000/_next/static/chunks/node_modules_next_dist_compiled_react-dom_1e674e59._.js:10410:9)\n    at dispatchEvent (http://localhost:3000/_next/static/chunks/node_modules_next_dist_compiled_react-dom_1e674e59._.js:12925:37)\n    at dispatchDiscreteEvent (http://localhost:3000/_next/static/chunks/node_modules_next_dist_compiled_react-dom_1e674e59._.js:12907:64)\n    at eval (eval at evaluate (:234:30), <anonymous>:1:12)\n    at UtilityScript.evaluate (<anonymous>:241:19)\n    at UtilityScript.<anonymous> (<anonymous>:1:44) (at http://localhost:3000/_next/static/chunks/node_modules_next_dist_7a8122d0._.js:3117:31)",
    "testType": "FRONTEND",
    "createFrom": "mcp",
    "testVisualization": "https://testsprite-videos.s3.us-east-1.amazonaws.com/c478e428-3051-70f4-f122-6f4e22b5117a/1765186053773429//tmp/test_task/result.webm",
    "created": "2025-12-08T09:22:23.447Z",
    "modified": "2025-12-08T09:27:33.907Z"
  },
  {
    "projectId": "acd3f9c4-0691-4075-bc0d-c9f51cd86396",
    "testId": "c83d1031-46ee-416c-9a26-ff929082b750",
    "userId": "c478e428-3051-70f4-f122-6f4e22b5117a",
    "title": "TC020-Metadata and SEO Features Are Present Including Sitemap and Robots.txt",
    "description": "Verify that base URL, sitemap.xml, robots.txt, and social sharing metadata are present and correctly configured for proper indexing and sharing.",
    "code": "import asyncio\nfrom playwright import async_api\nfrom playwright.async_api import expect\n\nasync def run_test():\n    pw = None\n    browser = None\n    context = None\n    \n    try:\n        # Start a Playwright session in asynchronous mode\n        pw = await async_api.async_playwright().start()\n        \n        # Launch a Chromium browser in headless mode with custom arguments\n        browser = await pw.chromium.launch(\n            headless=True,\n            args=[\n                \"--window-size=1280,720\",         # Set the browser window size\n                \"--disable-dev-shm-usage\",        # Avoid using /dev/shm which can cause issues in containers\n                \"--ipc=host\",                     # Use host-level IPC for better stability\n                \"--single-process\"                # Run the browser in a single process mode\n            ],\n        )\n        \n        # Create a new browser context (like an incognito window)\n        context = await browser.new_context()\n        context.set_default_timeout(5000)\n        \n        # Open a new page in the browser context\n        page = await context.new_page()\n        \n        # Navigate to your target URL and wait until the network request is committed\n        await page.goto(\"http://localhost:3000\", wait_until=\"commit\", timeout=10000)\n        \n        # Wait for the main page to reach DOMContentLoaded state (optional for stability)\n        try:\n            await page.wait_for_load_state(\"domcontentloaded\", timeout=3000)\n        except async_api.Error:\n            pass\n        \n        # Iterate through all iframes and wait for them to load as well\n        for frame in page.frames:\n            try:\n                await frame.wait_for_load_state(\"domcontentloaded\", timeout=3000)\n            except async_api.Error:\n                pass\n        \n        # Interact with the page elements to simulate user flow\n        # -> Request /sitemap.xml and verify file exists and contains valid entries.\n        await page.goto('http://localhost:3000/sitemap.xml', timeout=10000)\n        await asyncio.sleep(3)\n        \n\n        # -> Navigate explicitly to base URL http://localhost:3000/ to regain valid page context for metadata inspection.\n        await page.goto('http://localhost:3000/', timeout=10000)\n        await asyncio.sleep(3)\n        \n\n        # --> Assertions to verify final state\n        frame = context.pages[-1]\n        await expect(frame.locator('text=ZOKU').first).to_be_visible(timeout=30000)\n        await expect(frame.locator('text=HOME').first).to_be_visible(timeout=30000)\n        await expect(frame.locator('text=ABOUT').first).to_be_visible(timeout=30000)\n        await expect(frame.locator('text=CLASSES').first).to_be_visible(timeout=30000)\n        await expect(frame.locator('text=MEMBERSHIP').first).to_be_visible(timeout=30000)\n        await expect(frame.locator('text=CONTACT').first).to_be_visible(timeout=30000)\n        await expect(frame.locator('text=JOIN NOW').first).to_be_visible(timeout=30000)\n        await expect(frame.locator('text=ZOKU FITNESS').first).to_be_visible(timeout=30000)\n        await expect(frame.locator('text=Where vision meets reality,').first).to_be_visible(timeout=30000)\n        await expect(frame.locator('text=we shape the future of tomorrow').first).to_be_visible(timeout=30000)\n        await expect(frame.locator('text=COSMOS').first).to_be_visible(timeout=30000)\n        await expect(frame.locator('text=Beyond the boundaries of imagination,').first).to_be_visible(timeout=30000)\n        await expect(frame.locator('text=lies the universe of possibilities').first).to_be_visible(timeout=30000)\n        await expect(frame.locator('text=INFINITY').first).to_be_visible(timeout=30000)\n        await expect(frame.locator('text=In the space between thought and creation,').first).to_be_visible(timeout=30000)\n        await expect(frame.locator('text=we find the essence of true innovation').first).to_be_visible(timeout=30000)\n        await expect(frame.locator('text=REDEFINING FITNESS').first).to_be_visible(timeout=30000)\n        await expect(frame.locator('text=At Zoku, we believe fitness is more than just a workoutit's a lifestyle. Our state-of-the-art facility combines cutting-edge technology with expert coaching to help you unlock your full potential.').first).to_be_visible(timeout=30000)\n        await expect(frame.locator('text=OUR CLASSES').first).to_be_visible(timeout=30000)\n        await expect(frame.locator('text=HIIT BURN').first).to_be_visible(timeout=30000)\n        await expect(frame.locator('text=High intensity interval training to torch calories.').first).to_be_visible(timeout=30000)\n        await expect(frame.locator('text=POWER YOGA').first).to_be_visible(timeout=30000)\n        await expect(frame.locator('text=Strength and flexibility combined in a flow.').first).to_be_visible(timeout=30000)\n        await expect(frame.locator('text=SPIN CYCLE').first).to_be_visible(timeout=30000)\n        await expect(frame.locator('text=Endurance cycling with high-energy beats.').first).to_be_visible(timeout=30000)\n        await expect(frame.locator('text=JOIN THE MOVEMENT').first).to_be_visible(timeout=30000)\n        await expect(frame.locator('text=Unlock exclusive access to our premium facilities, expert trainers, and a community that supports your journey.').first).to_be_visible(timeout=30000)\n        await expect(frame.locator('text=Unlimited Class Access').first).to_be_visible(timeout=30000)\n        await expect(frame.locator('text=State-of-the-art Equipment').first).to_be_visible(timeout=30000)\n        await expect(frame.locator('text=Free Personal Training Session').first).to_be_visible(timeout=30000)\n        await expect(frame.locator('text=Sauna & Recovery Zone').first).to_be_visible(timeout=30000)\n        await expect(frame.locator('text=READY TO START?').first).to_be_visible(timeout=30000)\n        await expect(frame.locator('text=Visit us today or get in touch to schedule your tour. Your transformation begins here.').first).to_be_visible(timeout=30000)\n        await expect(frame.locator('text=Contact Us').first).to_be_visible(timeout=30000)\n        await expect(frame.locator('text=+1 (555) 123-4567').first).to_be_visible(timeout=30000)\n        await expect(frame.locator('text=ZOKU').first).to_be_visible(timeout=30000)\n        await expect(frame.locator('text=Redefining fitness through community, technology, and premium experiences.').first).to_be_visible(timeout=30000)\n        await expect(frame.locator('text=EXPLORE').first).to_be_visible(timeout=30000)\n        await expect(frame.locator('text=About Us').first).to_be_visible(timeout=30000)\n        await expect(frame.locator('text=Classes').first).to_be_visible(timeout=30000)\n        await expect(frame.locator('text=Membership').first).to_be_visible(timeout=30000)\n        await expect(frame.locator('text=Contact').first).to_be_visible(timeout=30000)\n        await expect(frame.locator('text=SUPPORT').first).to_be_visible(timeout=30000)\n        await expect(frame.locator('text=FAQ').first).to_be_visible(timeout=30000)\n        await expect(frame.locator('text=Contact').first).to_be_visible(timeout=30000)\n        await expect(frame.locator('text=Privacy Policy').first).to_be_visible(timeout=30000)\n        await expect(frame.locator('text=Terms of Service').first).to_be_visible(timeout=30000)\n        await expect(frame.locator('text=CONNECT').first).to_be_visible(timeout=30000)\n        await expect(frame.locator('text=Subscribe to our newsletter for updates.').first).to_be_visible(timeout=30000)\n        await expect(frame.locator('text= 2025 Zoku Fitness. All rights reserved.').first).to_be_visible(timeout=30000)\n        await expect(frame.locator('text=Designed for Excellence.').first).to_be_visible(timeout=30000)\n        await asyncio.sleep(5)\n    \n    finally:\n        if context:\n            await context.close()\n        if browser:\n            await browser.close()\n        if pw:\n            await pw.stop()\n            \nasyncio.run(run_test())\n    ",
    "testStatus": "PASSED",
    "testError": "",
    "testType": "FRONTEND",
    "createFrom": "mcp",
    "testVisualization": "https://testsprite-videos.s3.us-east-1.amazonaws.com/c478e428-3051-70f4-f122-6f4e22b5117a/176518633827346//tmp/test_task/result.webm",
    "created": "2025-12-08T09:22:23.452Z",
    "modified": "2025-12-08T09:32:18.441Z"
  }
]
